{"/home/duver-betancur/Training/IA_P1/backend/producer/src/application/use-cases/create-turno.use-case.ts": {"path":"/home/duver-betancur/Training/IA_P1/backend/producer/src/application/use-cases/create-turno.use-case.ts","statementMap":{"0":{"start":{"line":1,"column":0},"end":{"line":1,"column":60}},"1":{"start":{"line":3,"column":0},"end":{"line":3,"column":66}},"2":{"start":{"line":29,"column":31},"end":{"line":47,"column":null}},"3":{"start":{"line":33,"column":56},"end":{"line":33,"column":87}},"4":{"start":{"line":30,"column":21},"end":{"line":30,"column":66}},"5":{"start":{"line":37,"column":8},"end":{"line":45,"column":9}},"6":{"start":{"line":38,"column":12},"end":{"line":38,"column":61}},"7":{"start":{"line":39,"column":12},"end":{"line":39,"column":72}},"8":{"start":{"line":40,"column":12},"end":{"line":40,"column":85}},"9":{"start":{"line":42,"column":28},"end":{"line":42,"column":82}},"10":{"start":{"line":43,"column":12},"end":{"line":43,"column":70}},"11":{"start":{"line":44,"column":12},"end":{"line":44,"column":24}},"12":{"start":{"line":29,"column":13},"end":{"line":29,"column":31}},"13":{"start":{"line":29,"column":13},"end":{"line":47,"column":null}}},"fnMap":{"0":{"name":"(anonymous_4)","decl":{"start":{"line":32,"column":4},"end":{"line":32,"column":null}},"loc":{"start":{"line":33,"column":87},"end":{"line":34,"column":8}}},"1":{"name":"(anonymous_5)","decl":{"start":{"line":36,"column":4},"end":{"line":36,"column":11}},"loc":{"start":{"line":36,"column":33},"end":{"line":46,"column":5}}}},"branchMap":{"0":{"loc":{"start":{"line":42,"column":28},"end":{"line":42,"column":82}},"type":"cond-expr","locations":[{"start":{"line":42,"column":53},"end":{"line":42,"column":66}},{"start":{"line":42,"column":69},"end":{"line":42,"column":82}}]}},"s":{"0":2,"1":2,"2":2,"3":2,"4":2,"5":2,"6":2,"7":1,"8":1,"9":1,"10":1,"11":1,"12":2,"13":2},"f":{"0":2,"1":2},"b":{"0":[1,0]}}
,"/home/duver-betancur/Training/IA_P1/backend/producer/src/application/use-cases/get-all-turnos.use-case.ts": {"path":"/home/duver-betancur/Training/IA_P1/backend/producer/src/application/use-cases/get-all-turnos.use-case.ts","statementMap":{"0":{"start":{"line":1,"column":0},"end":{"line":1,"column":52}},"1":{"start":{"line":4,"column":0},"end":{"line":4,"column":67}},"2":{"start":{"line":12,"column":7},"end":{"line":21,"column":null}},"3":{"start":{"line":14,"column":57},"end":{"line":14,"column":90}},"4":{"start":{"line":18,"column":32},"end":{"line":18,"column":68}},"5":{"start":{"line":19,"column":8},"end":{"line":19,"column":51}},"6":{"start":{"line":19,"column":31},"end":{"line":19,"column":49}},"7":{"start":{"line":12,"column":13},"end":{"line":12,"column":32}},"8":{"start":{"line":12,"column":13},"end":{"line":21,"column":null}}},"fnMap":{"0":{"name":"(anonymous_4)","decl":{"start":{"line":13,"column":4},"end":{"line":13,"column":null}},"loc":{"start":{"line":14,"column":90},"end":{"line":15,"column":8}}},"1":{"name":"(anonymous_5)","decl":{"start":{"line":17,"column":4},"end":{"line":17,"column":9}},"loc":{"start":{"line":17,"column":17},"end":{"line":20,"column":5}}},"2":{"name":"(anonymous_6)","decl":{"start":{"line":19,"column":26},"end":{"line":19,"column":27}},"loc":{"start":{"line":19,"column":31},"end":{"line":19,"column":49}}}},"branchMap":{},"s":{"0":4,"1":4,"2":4,"3":2,"4":2,"5":2,"6":2,"7":4,"8":4},"f":{"0":2,"1":2,"2":2},"b":{}}
,"/home/duver-betancur/Training/IA_P1/backend/producer/src/application/use-cases/get-turnos-by-cedula.use-case.ts": {"path":"/home/duver-betancur/Training/IA_P1/backend/producer/src/application/use-cases/get-turnos-by-cedula.use-case.ts","statementMap":{"0":{"start":{"line":1,"column":0},"end":{"line":1,"column":52}},"1":{"start":{"line":4,"column":0},"end":{"line":4,"column":67}},"2":{"start":{"line":12,"column":7},"end":{"line":21,"column":null}},"3":{"start":{"line":14,"column":57},"end":{"line":14,"column":90}},"4":{"start":{"line":18,"column":32},"end":{"line":18,"column":79}},"5":{"start":{"line":19,"column":8},"end":{"line":19,"column":51}},"6":{"start":{"line":19,"column":31},"end":{"line":19,"column":49}},"7":{"start":{"line":12,"column":13},"end":{"line":12,"column":37}},"8":{"start":{"line":12,"column":13},"end":{"line":21,"column":null}}},"fnMap":{"0":{"name":"(anonymous_4)","decl":{"start":{"line":13,"column":4},"end":{"line":13,"column":null}},"loc":{"start":{"line":14,"column":90},"end":{"line":15,"column":8}}},"1":{"name":"(anonymous_5)","decl":{"start":{"line":17,"column":4},"end":{"line":17,"column":9}},"loc":{"start":{"line":17,"column":32},"end":{"line":20,"column":5}}},"2":{"name":"(anonymous_6)","decl":{"start":{"line":19,"column":26},"end":{"line":19,"column":27}},"loc":{"start":{"line":19,"column":31},"end":{"line":19,"column":49}}}},"branchMap":{},"s":{"0":2,"1":2,"2":2,"3":2,"4":2,"5":2,"6":1,"7":2,"8":2},"f":{"0":2,"1":2,"2":1},"b":{}}
,"/home/duver-betancur/Training/IA_P1/backend/producer/src/application/use-cases/login.use-case.ts": {"path":"/home/duver-betancur/Training/IA_P1/backend/producer/src/application/use-cases/login.use-case.ts","statementMap":{"0":{"start":{"line":38,"column":31},"end":{"line":38,"column":54}},"1":{"start":{"line":42,"column":17},"end":{"line":42,"column":78}},"2":{"start":{"line":44,"column":4},"end":{"line":46,"column":5}},"3":{"start":{"line":45,"column":6},"end":{"line":45,"column":40}},"4":{"start":{"line":48,"column":20},"end":{"line":48,"column":99}},"5":{"start":{"line":50,"column":4},"end":{"line":52,"column":5}},"6":{"start":{"line":51,"column":6},"end":{"line":51,"column":45}},"7":{"start":{"line":54,"column":25},"end":{"line":54,"column":96}},"8":{"start":{"line":55,"column":18},"end":{"line":55,"column":68}},"9":{"start":{"line":57,"column":4},"end":{"line":60,"column":6}},"10":{"start":{"line":37,"column":0},"end":{"line":37,"column":13}}},"fnMap":{"0":{"name":"(anonymous_0)","decl":{"start":{"line":38,"column":2},"end":{"line":38,"column":31}},"loc":{"start":{"line":38,"column":54},"end":{"line":38,"column":58}}},"1":{"name":"(anonymous_1)","decl":{"start":{"line":41,"column":2},"end":{"line":41,"column":7}},"loc":{"start":{"line":41,"column":45},"end":{"line":61,"column":3}}}},"branchMap":{"0":{"loc":{"start":{"line":44,"column":4},"end":{"line":46,"column":5}},"type":"if","locations":[{"start":{"line":44,"column":4},"end":{"line":46,"column":5}}]},"1":{"loc":{"start":{"line":50,"column":4},"end":{"line":52,"column":5}},"type":"if","locations":[{"start":{"line":50,"column":4},"end":{"line":52,"column":5}}]}},"s":{"0":6,"1":6,"2":6,"3":2,"4":4,"5":4,"6":2,"7":2,"8":2,"9":2,"10":4},"f":{"0":6,"1":6},"b":{"0":[2],"1":[2]}}
,"/home/duver-betancur/Training/IA_P1/backend/producer/src/application/use-cases/signup.use-case.ts": {"path":"/home/duver-betancur/Training/IA_P1/backend/producer/src/application/use-cases/signup.use-case.ts","statementMap":{"0":{"start":{"line":28,"column":31},"end":{"line":28,"column":55}},"1":{"start":{"line":32,"column":21},"end":{"line":32,"column":82}},"2":{"start":{"line":34,"column":4},"end":{"line":36,"column":5}},"3":{"start":{"line":35,"column":6},"end":{"line":35,"column":46}},"4":{"start":{"line":38,"column":25},"end":{"line":38,"column":82}},"5":{"start":{"line":39,"column":17},"end":{"line":44,"column":6}},"6":{"start":{"line":46,"column":25},"end":{"line":46,"column":96}},"7":{"start":{"line":47,"column":18},"end":{"line":47,"column":68}},"8":{"start":{"line":49,"column":4},"end":{"line":52,"column":6}},"9":{"start":{"line":27,"column":0},"end":{"line":27,"column":13}}},"fnMap":{"0":{"name":"(anonymous_0)","decl":{"start":{"line":28,"column":2},"end":{"line":28,"column":31}},"loc":{"start":{"line":28,"column":55},"end":{"line":28,"column":59}}},"1":{"name":"(anonymous_1)","decl":{"start":{"line":31,"column":2},"end":{"line":31,"column":7}},"loc":{"start":{"line":31,"column":46},"end":{"line":53,"column":3}}}},"branchMap":{"0":{"loc":{"start":{"line":34,"column":4},"end":{"line":36,"column":5}},"type":"if","locations":[{"start":{"line":34,"column":4},"end":{"line":36,"column":5}}]}},"s":{"0":4,"1":4,"2":4,"3":2,"4":2,"5":2,"6":2,"7":2,"8":2,"9":4},"f":{"0":4,"1":4},"b":{"0":[2]}}
,"/home/duver-betancur/Training/IA_P1/backend/producer/src/domain/entities/turno.entity.ts": {"path":"/home/duver-betancur/Training/IA_P1/backend/producer/src/domain/entities/turno.entity.ts","statementMap":{"0":{"start":{"line":24,"column":8},"end":{"line":24,"column":27}},"1":{"start":{"line":25,"column":8},"end":{"line":25,"column":35}},"2":{"start":{"line":26,"column":8},"end":{"line":26,"column":35}},"3":{"start":{"line":27,"column":8},"end":{"line":27,"column":45}},"4":{"start":{"line":28,"column":8},"end":{"line":28,"column":35}},"5":{"start":{"line":29,"column":8},"end":{"line":29,"column":39}},"6":{"start":{"line":30,"column":8},"end":{"line":30,"column":41}},"7":{"start":{"line":31,"column":8},"end":{"line":31,"column":57}},"8":{"start":{"line":35,"column":8},"end":{"line":43,"column":null}},"9":{"start":{"line":4,"column":0},"end":{"line":4,"column":13}}},"fnMap":{"0":{"name":"(anonymous_0)","decl":{"start":{"line":14,"column":4},"end":{"line":14,"column":16}},"loc":{"start":{"line":23,"column":5},"end":{"line":32,"column":5}}},"1":{"name":"(anonymous_1)","decl":{"start":{"line":34,"column":4},"end":{"line":34,"column":18}},"loc":{"start":{"line":34,"column":18},"end":{"line":45,"column":5}}}},"branchMap":{"0":{"loc":{"start":{"line":31,"column":29},"end":{"line":31,"column":56}},"type":"cond-expr","locations":[{"start":{"line":31,"column":48},"end":{"line":31,"column":52}},{"start":{"line":31,"column":52},"end":{"line":31,"column":56}}]},"1":{"loc":{"start":{"line":31,"column":29},"end":{"line":31,"column":52}},"type":"binary-expr","locations":[{"start":{"line":31,"column":29},"end":{"line":31,"column":52}},{"start":{"line":31,"column":48},"end":{"line":31,"column":52}}]},"2":{"loc":{"start":{"line":43,"column":16},"end":{"line":43,"column":83}},"type":"binary-expr","locations":[{"start":{"line":43,"column":16},"end":{"line":43,"column":42}},{"start":{"line":43,"column":46},"end":{"line":43,"column":83}}]}},"s":{"0":9,"1":9,"2":9,"3":9,"4":9,"5":9,"6":9,"7":9,"8":11,"9":5},"f":{"0":9,"1":11},"b":{"0":[1,8],"1":[9,1],"2":[11,1]}}
,"/home/duver-betancur/Training/IA_P1/backend/producer/src/domain/ports/tokens.ts": {"path":"/home/duver-betancur/Training/IA_P1/backend/producer/src/domain/ports/tokens.ts","statementMap":{"0":{"start":{"line":5,"column":13},"end":{"line":5,"column":57}},"1":{"start":{"line":6,"column":13},"end":{"line":6,"column":55}},"2":{"start":{"line":7,"column":13},"end":{"line":7,"column":55}},"3":{"start":{"line":8,"column":13},"end":{"line":8,"column":55}},"4":{"start":{"line":9,"column":13},"end":{"line":9,"column":51}},"5":{"start":{"line":10,"column":13},"end":{"line":10,"column":66}}},"fnMap":{},"branchMap":{},"s":{"0":9,"1":9,"2":9,"3":9,"4":9,"5":9},"f":{},"b":{}}
,"/home/duver-betancur/Training/IA_P1/backend/producer/src/events/events.controller.ts": {"path":"/home/duver-betancur/Training/IA_P1/backend/producer/src/events/events.controller.ts","statementMap":{"0":{"start":{"line":1,"column":0},"end":{"line":1,"column":52}},"1":{"start":{"line":2,"column":0},"end":{"line":2,"column":62}},"2":{"start":{"line":3,"column":0},"end":{"line":3,"column":49}},"3":{"start":{"line":11,"column":29},"end":{"line":27,"column":null}},"4":{"start":{"line":14,"column":33},"end":{"line":14,"column":48}},"5":{"start":{"line":12,"column":21},"end":{"line":12,"column":64}},"6":{"start":{"line":18,"column":8},"end":{"line":18,"column":85}},"7":{"start":{"line":19,"column":8},"end":{"line":19,"column":59}},"8":{"start":{"line":24,"column":8},"end":{"line":24,"column":107}},"9":{"start":{"line":25,"column":8},"end":{"line":25,"column":59}},"10":{"start":{"line":11,"column":13},"end":{"line":11,"column":29}},"11":{"start":{"line":17,"column":10},"end":{"line":20,"column":null}},"12":{"start":{"line":23,"column":10},"end":{"line":26,"column":null}},"13":{"start":{"line":11,"column":13},"end":{"line":27,"column":null}}},"fnMap":{"0":{"name":"(anonymous_4)","decl":{"start":{"line":14,"column":4},"end":{"line":14,"column":33}},"loc":{"start":{"line":14,"column":61},"end":{"line":14,"column":66}}},"1":{"name":"(anonymous_5)","decl":{"start":{"line":17,"column":4},"end":{"line":17,"column":9}},"loc":{"start":{"line":17,"column":62},"end":{"line":20,"column":5}}},"2":{"name":"(anonymous_6)","decl":{"start":{"line":23,"column":4},"end":{"line":23,"column":9}},"loc":{"start":{"line":23,"column":67},"end":{"line":26,"column":5}}}},"branchMap":{},"s":{"0":1,"1":1,"2":1,"3":1,"4":2,"5":2,"6":1,"7":1,"8":1,"9":1,"10":1,"11":1,"12":1,"13":1},"f":{"0":2,"1":1,"2":1},"b":{}}
,"/home/duver-betancur/Training/IA_P1/backend/producer/src/events/turnos.gateway.ts": {"path":"/home/duver-betancur/Training/IA_P1/backend/producer/src/events/turnos.gateway.ts","statementMap":{"0":{"start":{"line":1,"column":0},"end":{"line":1,"column":48}},"1":{"start":{"line":2,"column":0},"end":{"line":2,"column":null}},"2":{"start":{"line":8,"column":0},"end":{"line":8,"column":43}},"3":{"start":{"line":10,"column":0},"end":{"line":10,"column":64}},"4":{"start":{"line":22,"column":26},"end":{"line":71,"column":null}},"5":{"start":{"line":30,"column":57},"end":{"line":30,"column":90}},"6":{"start":{"line":23,"column":21},"end":{"line":23,"column":61}},"7":{"start":{"line":36,"column":8},"end":{"line":36,"column":59}},"8":{"start":{"line":38,"column":8},"end":{"line":52,"column":9}},"9":{"start":{"line":39,"column":27},"end":{"line":39,"column":63}},"10":{"start":{"line":41,"column":50},"end":{"line":41,"column":85}},"11":{"start":{"line":41,"column":66},"end":{"line":41,"column":84}},"12":{"start":{"line":43,"column":12},"end":{"line":46,"column":15}},"13":{"start":{"line":48,"column":12},"end":{"line":48,"column":91}},"14":{"start":{"line":50,"column":28},"end":{"line":50,"column":82}},"15":{"start":{"line":51,"column":12},"end":{"line":51,"column":84}},"16":{"start":{"line":56,"column":8},"end":{"line":56,"column":62}},"17":{"start":{"line":62,"column":8},"end":{"line":65,"column":11}},"18":{"start":{"line":67,"column":8},"end":{"line":69,"column":10}},"19":{"start":{"line":22,"column":13},"end":{"line":22,"column":26}},"20":{"start":{"line":26,"column":4},"end":{"line":26,"column":null}},"21":{"start":{"line":22,"column":13},"end":{"line":71,"column":null}}},"fnMap":{"0":{"name":"(anonymous_4)","decl":{"start":{"line":29,"column":4},"end":{"line":29,"column":null}},"loc":{"start":{"line":30,"column":90},"end":{"line":31,"column":9}}},"1":{"name":"(anonymous_5)","decl":{"start":{"line":35,"column":4},"end":{"line":35,"column":9}},"loc":{"start":{"line":35,"column":41},"end":{"line":53,"column":5}}},"2":{"name":"(anonymous_6)","decl":{"start":{"line":41,"column":61},"end":{"line":41,"column":62}},"loc":{"start":{"line":41,"column":66},"end":{"line":41,"column":84}}},"3":{"name":"(anonymous_7)","decl":{"start":{"line":55,"column":4},"end":{"line":55,"column":20}},"loc":{"start":{"line":55,"column":35},"end":{"line":57,"column":5}}},"4":{"name":"(anonymous_8)","decl":{"start":{"line":61,"column":4},"end":{"line":61,"column":29}},"loc":{"start":{"line":61,"column":54},"end":{"line":70,"column":5}}}},"branchMap":{"0":{"loc":{"start":{"line":50,"column":28},"end":{"line":50,"column":82}},"type":"cond-expr","locations":[{"start":{"line":50,"column":53},"end":{"line":50,"column":66}},{"start":{"line":50,"column":69},"end":{"line":50,"column":82}}]},"1":{"loc":{"start":{"line":68,"column":100},"end":{"line":68,"column":126}},"type":"cond-expr","locations":[{"start":{"line":68,"column":117},"end":{"line":68,"column":121}},{"start":{"line":68,"column":121},"end":{"line":68,"column":126}}]},"2":{"loc":{"start":{"line":68,"column":100},"end":{"line":68,"column":121}},"type":"binary-expr","locations":[{"start":{"line":68,"column":100},"end":{"line":68,"column":121}},{"start":{"line":68,"column":117},"end":{"line":68,"column":121}}]}},"s":{"0":2,"1":2,"2":2,"3":2,"4":2,"5":4,"6":4,"7":3,"8":3,"9":3,"10":2,"11":1,"12":2,"13":2,"14":1,"15":1,"16":0,"17":1,"18":1,"19":2,"20":2,"21":2},"f":{"0":4,"1":3,"2":1,"3":0,"4":1},"b":{"0":[1,0],"1":[1,0],"2":[1,1]}}
,"/home/duver-betancur/Training/IA_P1/backend/producer/src/infrastructure/adapters/hmac-token.service.ts": {"path":"/home/duver-betancur/Training/IA_P1/backend/producer/src/infrastructure/adapters/hmac-token.service.ts","statementMap":{"0":{"start":{"line":1,"column":0},"end":{"line":1,"column":53}},"1":{"start":{"line":2,"column":0},"end":{"line":2,"column":44}},"2":{"start":{"line":3,"column":0},"end":{"line":3,"column":47}},"3":{"start":{"line":9,"column":7},"end":{"line":58,"column":null}},"4":{"start":{"line":10,"column":31},"end":{"line":10,"column":46}},"5":{"start":{"line":13,"column":17},"end":{"line":13,"column":37}},"6":{"start":{"line":14,"column":22},"end":{"line":14,"column":37}},"7":{"start":{"line":15,"column":4},"end":{"line":15,"column":34}},"8":{"start":{"line":19,"column":18},"end":{"line":19,"column":34}},"9":{"start":{"line":20,"column":4},"end":{"line":22,"column":5}},"10":{"start":{"line":21,"column":6},"end":{"line":21,"column":18}},"11":{"start":{"line":24,"column":30},"end":{"line":24,"column":35}},"12":{"start":{"line":25,"column":21},"end":{"line":25,"column":36}},"13":{"start":{"line":27,"column":4},"end":{"line":29,"column":5}},"14":{"start":{"line":28,"column":6},"end":{"line":28,"column":18}},"15":{"start":{"line":31,"column":4},"end":{"line":36,"column":5}},"16":{"start":{"line":32,"column":22},"end":{"line":32,"column":69}},"17":{"start":{"line":33,"column":6},"end":{"line":33,"column":60}},"18":{"start":{"line":35,"column":6},"end":{"line":35,"column":18}},"19":{"start":{"line":40,"column":4},"end":{"line":40,"column":78}},"20":{"start":{"line":44,"column":19},"end":{"line":44,"column":89}},"21":{"start":{"line":45,"column":4},"end":{"line":45,"column":73}},"22":{"start":{"line":49,"column":23},"end":{"line":49,"column":48}},"23":{"start":{"line":50,"column":24},"end":{"line":50,"column":50}},"24":{"start":{"line":52,"column":4},"end":{"line":54,"column":5}},"25":{"start":{"line":53,"column":6},"end":{"line":53,"column":19}},"26":{"start":{"line":56,"column":4},"end":{"line":56,"column":52}},"27":{"start":{"line":9,"column":13},"end":{"line":9,"column":29}},"28":{"start":{"line":9,"column":13},"end":{"line":58,"column":null}}},"fnMap":{"0":{"name":"(anonymous_2)","decl":{"start":{"line":10,"column":2},"end":{"line":10,"column":31}},"loc":{"start":{"line":10,"column":59},"end":{"line":10,"column":63}}},"1":{"name":"(anonymous_3)","decl":{"start":{"line":12,"column":2},"end":{"line":12,"column":15}},"loc":{"start":{"line":12,"column":48},"end":{"line":16,"column":3}}},"2":{"name":"(anonymous_4)","decl":{"start":{"line":18,"column":2},"end":{"line":18,"column":13}},"loc":{"start":{"line":18,"column":27},"end":{"line":37,"column":3}}},"3":{"name":"(anonymous_5)","decl":{"start":{"line":39,"column":10},"end":{"line":39,"column":16}},"loc":{"start":{"line":39,"column":49},"end":{"line":41,"column":3}}},"4":{"name":"(anonymous_6)","decl":{"start":{"line":43,"column":10},"end":{"line":43,"column":14}},"loc":{"start":{"line":43,"column":27},"end":{"line":46,"column":3}}},"5":{"name":"(anonymous_7)","decl":{"start":{"line":48,"column":10},"end":{"line":48,"column":19}},"loc":{"start":{"line":48,"column":47},"end":{"line":57,"column":3}}}},"branchMap":{"0":{"loc":{"start":{"line":20,"column":4},"end":{"line":22,"column":5}},"type":"if","locations":[{"start":{"line":20,"column":4},"end":{"line":22,"column":5}}]},"1":{"loc":{"start":{"line":27,"column":4},"end":{"line":29,"column":5}},"type":"if","locations":[{"start":{"line":27,"column":4},"end":{"line":29,"column":5}}]},"2":{"loc":{"start":{"line":52,"column":4},"end":{"line":54,"column":5}},"type":"if","locations":[{"start":{"line":52,"column":4},"end":{"line":54,"column":5}}]}},"s":{"0":1,"1":1,"2":1,"3":1,"4":5,"5":3,"6":3,"7":3,"8":4,"9":4,"10":1,"11":3,"12":3,"13":3,"14":2,"15":1,"16":1,"17":1,"18":0,"19":3,"20":6,"21":6,"22":3,"23":3,"24":3,"25":2,"26":1,"27":1,"28":1},"f":{"0":5,"1":3,"2":4,"3":3,"4":6,"5":3},"b":{"0":[1],"1":[2],"2":[2]}}
,"/home/duver-betancur/Training/IA_P1/backend/producer/src/infrastructure/adapters/in-memory-user.repository.ts": {"path":"/home/duver-betancur/Training/IA_P1/backend/producer/src/infrastructure/adapters/in-memory-user.repository.ts","statementMap":{"0":{"start":{"line":5,"column":19},"end":{"line":5,"column":65}},"1":{"start":{"line":6,"column":10},"end":{"line":6,"column":23}},"2":{"start":{"line":9,"column":4},"end":{"line":9,"column":48}},"3":{"start":{"line":13,"column":30},"end":{"line":20,"column":6}},"4":{"start":{"line":22,"column":4},"end":{"line":22,"column":46}},"5":{"start":{"line":23,"column":4},"end":{"line":23,"column":16}},"6":{"start":{"line":4,"column":0},"end":{"line":4,"column":13}}},"fnMap":{"0":{"name":"(anonymous_0)","decl":{"start":{"line":4,"column":0},"end":{"line":4,"column":13}},"loc":{"start":{"line":4,"column":0},"end":{"line":25,"column":1}}},"1":{"name":"(anonymous_1)","decl":{"start":{"line":8,"column":2},"end":{"line":8,"column":7}},"loc":{"start":{"line":8,"column":33},"end":{"line":10,"column":3}}},"2":{"name":"(anonymous_2)","decl":{"start":{"line":12,"column":2},"end":{"line":12,"column":7}},"loc":{"start":{"line":12,"column":91},"end":{"line":24,"column":3}}}},"branchMap":{"0":{"loc":{"start":{"line":9,"column":11},"end":{"line":9,"column":47}},"type":"cond-expr","locations":[{"start":{"line":9,"column":39},"end":{"line":9,"column":43}},{"start":{"line":9,"column":43},"end":{"line":9,"column":47}}]},"1":{"loc":{"start":{"line":9,"column":11},"end":{"line":9,"column":43}},"type":"binary-expr","locations":[{"start":{"line":9,"column":11},"end":{"line":9,"column":43}},{"start":{"line":9,"column":39},"end":{"line":9,"column":43}}]}},"s":{"0":4,"1":4,"2":2,"3":4,"4":4,"5":4,"6":1},"f":{"0":4,"1":2,"2":4},"b":{"0":[1,1],"1":[2,2]}}
,"/home/duver-betancur/Training/IA_P1/backend/producer/src/infrastructure/adapters/rabbitmq-event-publisher.adapter.ts": {"path":"/home/duver-betancur/Training/IA_P1/backend/producer/src/infrastructure/adapters/rabbitmq-event-publisher.adapter.ts","statementMap":{"0":{"start":{"line":1,"column":0},"end":{"line":1,"column":69}},"1":{"start":{"line":2,"column":0},"end":{"line":2,"column":52}},"2":{"start":{"line":12,"column":7},"end":{"line":25,"column":null}},"3":{"start":{"line":14,"column":51},"end":{"line":14,"column":59}},"4":{"start":{"line":18,"column":8},"end":{"line":18,"column":41}},"5":{"start":{"line":23,"column":8},"end":{"line":23,"column":34}},"6":{"start":{"line":12,"column":13},"end":{"line":12,"column":35}},"7":{"start":{"line":12,"column":13},"end":{"line":25,"column":null}}},"fnMap":{"0":{"name":"(anonymous_4)","decl":{"start":{"line":13,"column":4},"end":{"line":13,"column":null}},"loc":{"start":{"line":14,"column":70},"end":{"line":15,"column":8}}},"1":{"name":"(anonymous_5)","decl":{"start":{"line":17,"column":4},"end":{"line":17,"column":11}},"loc":{"start":{"line":17,"column":43},"end":{"line":19,"column":5}}},"2":{"name":"(anonymous_6)","decl":{"start":{"line":22,"column":4},"end":{"line":22,"column":9}},"loc":{"start":{"line":22,"column":25},"end":{"line":24,"column":5}}}},"branchMap":{},"s":{"0":1,"1":1,"2":1,"3":2,"4":1,"5":1,"6":1,"7":1},"f":{"0":2,"1":1,"2":1},"b":{}}
,"/home/duver-betancur/Training/IA_P1/backend/producer/src/infrastructure/adapters/scrypt-password-hasher.adapter.ts": {"path":"/home/duver-betancur/Training/IA_P1/backend/producer/src/infrastructure/adapters/scrypt-password-hasher.adapter.ts","statementMap":{"0":{"start":{"line":1,"column":0},"end":{"line":1,"column":66}},"1":{"start":{"line":7,"column":17},"end":{"line":7,"column":48}},"2":{"start":{"line":8,"column":19},"end":{"line":8,"column":62}},"3":{"start":{"line":9,"column":4},"end":{"line":9,"column":31}},"4":{"start":{"line":13,"column":18},"end":{"line":13,"column":35}},"5":{"start":{"line":14,"column":4},"end":{"line":16,"column":5}},"6":{"start":{"line":15,"column":6},"end":{"line":15,"column":19}},"7":{"start":{"line":18,"column":33},"end":{"line":18,"column":38}},"8":{"start":{"line":19,"column":28},"end":{"line":19,"column":75}},"9":{"start":{"line":21,"column":4},"end":{"line":21,"column":98}},"10":{"start":{"line":5,"column":0},"end":{"line":5,"column":13}}},"fnMap":{"0":{"name":"(anonymous_0)","decl":{"start":{"line":6,"column":2},"end":{"line":6,"column":7}},"loc":{"start":{"line":6,"column":26},"end":{"line":10,"column":3}}},"1":{"name":"(anonymous_1)","decl":{"start":{"line":12,"column":2},"end":{"line":12,"column":7}},"loc":{"start":{"line":12,"column":49},"end":{"line":22,"column":3}}}},"branchMap":{"0":{"loc":{"start":{"line":14,"column":4},"end":{"line":16,"column":5}},"type":"if","locations":[{"start":{"line":14,"column":4},"end":{"line":16,"column":5}}]}},"s":{"0":1,"1":5,"2":5,"3":5,"4":3,"5":3,"6":1,"7":2,"8":2,"9":2,"10":1},"f":{"0":5,"1":3},"b":{"0":[1]}}
,"/home/duver-betancur/Training/IA_P1/backend/producer/src/infrastructure/adapters/turno-mongoose.adapter.ts": {"path":"/home/duver-betancur/Training/IA_P1/backend/producer/src/infrastructure/adapters/turno-mongoose.adapter.ts","statementMap":{"0":{"start":{"line":1,"column":0},"end":{"line":1,"column":63}},"1":{"start":{"line":2,"column":0},"end":{"line":2,"column":47}},"2":{"start":{"line":3,"column":0},"end":{"line":3,"column":33}},"3":{"start":{"line":4,"column":0},"end":{"line":4,"column":78}},"4":{"start":{"line":6,"column":0},"end":{"line":6,"column":59}},"5":{"start":{"line":17,"column":7},"end":{"line":59,"column":null}},"6":{"start":{"line":19,"column":56},"end":{"line":19,"column":68}},"7":{"start":{"line":23,"column":21},"end":{"line":26,"column":19}},"8":{"start":{"line":28,"column":8},"end":{"line":28,"column":51}},"9":{"start":{"line":28,"column":31},"end":{"line":28,"column":49}},"10":{"start":{"line":32,"column":21},"end":{"line":35,"column":19}},"11":{"start":{"line":37,"column":8},"end":{"line":39,"column":9}},"12":{"start":{"line":38,"column":12},"end":{"line":38,"column":93}},"13":{"start":{"line":41,"column":8},"end":{"line":41,"column":51}},"14":{"start":{"line":41,"column":31},"end":{"line":41,"column":49}},"15":{"start":{"line":48,"column":8},"end":{"line":57,"column":11}},"16":{"start":{"line":17,"column":13},"end":{"line":17,"column":33}},"17":{"start":{"line":17,"column":13},"end":{"line":59,"column":null}}},"fnMap":{"0":{"name":"(anonymous_4)","decl":{"start":{"line":18,"column":4},"end":{"line":18,"column":null}},"loc":{"start":{"line":19,"column":88},"end":{"line":20,"column":8}}},"1":{"name":"(anonymous_5)","decl":{"start":{"line":22,"column":4},"end":{"line":22,"column":9}},"loc":{"start":{"line":22,"column":17},"end":{"line":29,"column":5}}},"2":{"name":"(anonymous_6)","decl":{"start":{"line":28,"column":24},"end":{"line":28,"column":27}},"loc":{"start":{"line":28,"column":31},"end":{"line":28,"column":49}}},"3":{"name":"(anonymous_7)","decl":{"start":{"line":31,"column":4},"end":{"line":31,"column":9}},"loc":{"start":{"line":31,"column":37},"end":{"line":42,"column":5}}},"4":{"name":"(anonymous_8)","decl":{"start":{"line":41,"column":24},"end":{"line":41,"column":27}},"loc":{"start":{"line":41,"column":31},"end":{"line":41,"column":49}}},"5":{"name":"(anonymous_9)","decl":{"start":{"line":47,"column":12},"end":{"line":47,"column":20}},"loc":{"start":{"line":47,"column":39},"end":{"line":58,"column":5}}}},"branchMap":{"0":{"loc":{"start":{"line":37,"column":8},"end":{"line":39,"column":9}},"type":"if","locations":[{"start":{"line":37,"column":8},"end":{"line":39,"column":9}}]}},"s":{"0":1,"1":1,"2":1,"3":1,"4":1,"5":1,"6":4,"7":2,"8":2,"9":2,"10":2,"11":2,"12":1,"13":1,"14":1,"15":3,"16":1,"17":1},"f":{"0":4,"1":2,"2":2,"3":2,"4":1,"5":3},"b":{"0":[1]}}
,"/home/duver-betancur/Training/IA_P1/backend/producer/src/presentation/auth.controller.ts": {"path":"/home/duver-betancur/Training/IA_P1/backend/producer/src/presentation/auth.controller.ts","statementMap":{"0":{"start":{"line":1,"column":0},"end":{"line":1,"column":77}},"1":{"start":{"line":2,"column":0},"end":{"line":2,"column":93}},"2":{"start":{"line":3,"column":0},"end":{"line":3,"column":101}},"3":{"start":{"line":4,"column":0},"end":{"line":4,"column":87}},"4":{"start":{"line":5,"column":0},"end":{"line":5,"column":87}},"5":{"start":{"line":7,"column":0},"end":{"line":7,"column":43}},"6":{"start":{"line":8,"column":0},"end":{"line":8,"column":45}},"7":{"start":{"line":9,"column":0},"end":{"line":9,"column":41}},"8":{"start":{"line":22,"column":7},"end":{"line":90,"column":null}},"9":{"start":{"line":24,"column":21},"end":{"line":24,"column":36}},"10":{"start":{"line":25,"column":21},"end":{"line":25,"column":35}},"11":{"start":{"line":26,"column":21},"end":{"line":26,"column":42}},"12":{"start":{"line":35,"column":4},"end":{"line":40,"column":5}},"13":{"start":{"line":36,"column":35},"end":{"line":36,"column":72}},"14":{"start":{"line":37,"column":6},"end":{"line":37,"column":106}},"15":{"start":{"line":39,"column":6},"end":{"line":39,"column":103}},"16":{"start":{"line":49,"column":4},"end":{"line":54,"column":5}},"17":{"start":{"line":50,"column":34},"end":{"line":50,"column":70}},"18":{"start":{"line":51,"column":6},"end":{"line":51,"column":103}},"19":{"start":{"line":53,"column":6},"end":{"line":53,"column":100}},"20":{"start":{"line":62,"column":4},"end":{"line":62,"column":56}},"21":{"start":{"line":72,"column":21},"end":{"line":72,"column":63}},"22":{"start":{"line":73,"column":4},"end":{"line":78,"column":6}},"23":{"start":{"line":88,"column":4},"end":{"line":88,"column":46}},"24":{"start":{"line":22,"column":13},"end":{"line":22,"column":27}},"25":{"start":{"line":34,"column":8},"end":{"line":41,"column":null}},"26":{"start":{"line":48,"column":8},"end":{"line":55,"column":null}},"27":{"start":{"line":61,"column":8},"end":{"line":63,"column":null}},"28":{"start":{"line":71,"column":8},"end":{"line":79,"column":null}},"29":{"start":{"line":87,"column":8},"end":{"line":89,"column":null}},"30":{"start":{"line":22,"column":13},"end":{"line":90,"column":null}}},"fnMap":{"0":{"name":"(anonymous_4)","decl":{"start":{"line":23,"column":2},"end":{"line":23,"column":null}},"loc":{"start":{"line":26,"column":61},"end":{"line":27,"column":6}}},"1":{"name":"(anonymous_5)","decl":{"start":{"line":34,"column":2},"end":{"line":34,"column":7}},"loc":{"start":{"line":34,"column":37},"end":{"line":41,"column":3}}},"2":{"name":"(anonymous_6)","decl":{"start":{"line":48,"column":2},"end":{"line":48,"column":7}},"loc":{"start":{"line":48,"column":36},"end":{"line":55,"column":3}}},"3":{"name":"(anonymous_7)","decl":{"start":{"line":61,"column":2},"end":{"line":61,"column":7}},"loc":{"start":{"line":61,"column":15},"end":{"line":63,"column":3}}},"4":{"name":"(anonymous_8)","decl":{"start":{"line":71,"column":2},"end":{"line":71,"column":7}},"loc":{"start":{"line":71,"column":30},"end":{"line":79,"column":3}}},"5":{"name":"(anonymous_9)","decl":{"start":{"line":87,"column":2},"end":{"line":87,"column":7}},"loc":{"start":{"line":87,"column":27},"end":{"line":89,"column":3}}}},"branchMap":{"0":{"loc":{"start":{"line":39,"column":40},"end":{"line":39,"column":100}},"type":"cond-expr","locations":[{"start":{"line":39,"column":65},"end":{"line":39,"column":78}},{"start":{"line":39,"column":81},"end":{"line":39,"column":100}}]},"1":{"loc":{"start":{"line":53,"column":40},"end":{"line":53,"column":97}},"type":"cond-expr","locations":[{"start":{"line":53,"column":65},"end":{"line":53,"column":78}},{"start":{"line":53,"column":81},"end":{"line":53,"column":97}}]}},"s":{"0":2,"1":2,"2":2,"3":2,"4":2,"5":2,"6":2,"7":2,"8":2,"9":9,"10":9,"11":9,"12":3,"13":3,"14":2,"15":1,"16":3,"17":3,"18":2,"19":1,"20":1,"21":1,"22":1,"23":1,"24":2,"25":2,"26":2,"27":2,"28":2,"29":2,"30":2},"f":{"0":9,"1":3,"2":3,"3":1,"4":1,"5":1},"b":{"0":[1,0],"1":[1,0]}}
,"/home/duver-betancur/Training/IA_P1/backend/producer/src/presentation/auth.guard.ts": {"path":"/home/duver-betancur/Training/IA_P1/backend/producer/src/presentation/auth.guard.ts","statementMap":{"0":{"start":{"line":1,"column":0},"end":{"line":1,"column":106}},"1":{"start":{"line":4,"column":0},"end":{"line":4,"column":69}},"2":{"start":{"line":8,"column":7},"end":{"line":32,"column":null}},"3":{"start":{"line":11,"column":21},"end":{"line":11,"column":56}},"4":{"start":{"line":15,"column":20},"end":{"line":15,"column":64}},"5":{"start":{"line":16,"column":29},"end":{"line":16,"column":58}},"6":{"start":{"line":18,"column":4},"end":{"line":20,"column":5}},"7":{"start":{"line":19,"column":6},"end":{"line":19,"column":62}},"8":{"start":{"line":22,"column":18},"end":{"line":22,"column":64}},"9":{"start":{"line":23,"column":20},"end":{"line":23,"column":57}},"10":{"start":{"line":25,"column":4},"end":{"line":27,"column":5}},"11":{"start":{"line":26,"column":6},"end":{"line":26,"column":55}},"12":{"start":{"line":29,"column":4},"end":{"line":29,"column":34}},"13":{"start":{"line":30,"column":4},"end":{"line":30,"column":16}},"14":{"start":{"line":8,"column":13},"end":{"line":8,"column":22}},"15":{"start":{"line":8,"column":13},"end":{"line":32,"column":null}}},"fnMap":{"0":{"name":"(anonymous_4)","decl":{"start":{"line":9,"column":2},"end":{"line":9,"column":null}},"loc":{"start":{"line":11,"column":56},"end":{"line":12,"column":6}}},"1":{"name":"(anonymous_5)","decl":{"start":{"line":14,"column":2},"end":{"line":14,"column":13}},"loc":{"start":{"line":14,"column":39},"end":{"line":31,"column":3}}}},"branchMap":{"0":{"loc":{"start":{"line":18,"column":4},"end":{"line":20,"column":5}},"type":"if","locations":[{"start":{"line":18,"column":4},"end":{"line":20,"column":5}}]},"1":{"loc":{"start":{"line":18,"column":9},"end":{"line":18,"column":48}},"type":"cond-expr","locations":[{"start":{"line":18,"column":25},"end":{"line":18,"column":27}},{"start":{"line":18,"column":9},"end":{"line":18,"column":48}}]},"2":{"loc":{"start":{"line":18,"column":9},"end":{"line":18,"column":27}},"type":"binary-expr","locations":[{"start":{"line":18,"column":9},"end":{"line":18,"column":27}},{"start":{"line":18,"column":9},"end":{"line":18,"column":27}}]},"3":{"loc":{"start":{"line":25,"column":4},"end":{"line":27,"column":5}},"type":"if","locations":[{"start":{"line":25,"column":4},"end":{"line":27,"column":5}}]}},"s":{"0":3,"1":3,"2":3,"3":3,"4":3,"5":3,"6":3,"7":1,"8":2,"9":2,"10":2,"11":1,"12":1,"13":1,"14":3,"15":3},"f":{"0":3,"1":3},"b":{"0":[1],"1":[1,2],"2":[3,3],"3":[1]}}
,"/home/duver-betancur/Training/IA_P1/backend/producer/src/presentation/producer.controller.ts": {"path":"/home/duver-betancur/Training/IA_P1/backend/producer/src/presentation/producer.controller.ts","statementMap":{"0":{"start":{"line":1,"column":0},"end":{"line":1,"column":92}},"1":{"start":{"line":2,"column":0},"end":{"line":2,"column":88}},"2":{"start":{"line":3,"column":0},"end":{"line":3,"column":56}},"3":{"start":{"line":5,"column":0},"end":{"line":5,"column":103}},"4":{"start":{"line":6,"column":0},"end":{"line":6,"column":87}},"5":{"start":{"line":7,"column":0},"end":{"line":7,"column":98}},"6":{"start":{"line":11,"column":7},"end":{"line":108,"column":null}},"7":{"start":{"line":14,"column":25},"end":{"line":14,"column":45}},"8":{"start":{"line":15,"column":25},"end":{"line":15,"column":46}},"9":{"start":{"line":16,"column":25},"end":{"line":16,"column":51}},"10":{"start":{"line":47,"column":8},"end":{"line":47,"column":63}},"11":{"start":{"line":80,"column":8},"end":{"line":80,"column":50}},"12":{"start":{"line":106,"column":8},"end":{"line":106,"column":61}},"13":{"start":{"line":11,"column":13},"end":{"line":11,"column":31}},"14":{"start":{"line":46,"column":10},"end":{"line":48,"column":null}},"15":{"start":{"line":79,"column":10},"end":{"line":81,"column":null}},"16":{"start":{"line":105,"column":10},"end":{"line":107,"column":null}},"17":{"start":{"line":11,"column":13},"end":{"line":108,"column":null}}},"fnMap":{"0":{"name":"(anonymous_4)","decl":{"start":{"line":13,"column":4},"end":{"line":13,"column":null}},"loc":{"start":{"line":16,"column":75},"end":{"line":17,"column":9}}},"1":{"name":"(anonymous_5)","decl":{"start":{"line":46,"column":4},"end":{"line":46,"column":9}},"loc":{"start":{"line":46,"column":60},"end":{"line":48,"column":5}}},"2":{"name":"(anonymous_6)","decl":{"start":{"line":79,"column":4},"end":{"line":79,"column":9}},"loc":{"start":{"line":79,"column":22},"end":{"line":81,"column":5}}},"3":{"name":"(anonymous_7)","decl":{"start":{"line":105,"column":4},"end":{"line":105,"column":9}},"loc":{"start":{"line":105,"column":73},"end":{"line":107,"column":5}}}},"branchMap":{},"s":{"0":1,"1":1,"2":1,"3":1,"4":1,"5":1,"6":1,"7":3,"8":3,"9":3,"10":1,"11":1,"12":1,"13":1,"14":1,"15":1,"16":1,"17":1},"f":{"0":3,"1":1,"2":1,"3":1},"b":{}}
,"/home/duver-betancur/Training/IA_P1/backend/producer/src/presentation/dto/create-turno.dto.ts": {"path":"/home/duver-betancur/Training/IA_P1/backend/producer/src/presentation/dto/create-turno.dto.ts","statementMap":{"0":{"start":{"line":1,"column":0},"end":{"line":1,"column":100}},"1":{"start":{"line":2,"column":0},"end":{"line":2,"column":67}},"2":{"start":{"line":5,"column":0},"end":{"line":5,"column":13}},"3":{"start":{"line":17,"column":4},"end":{"line":17,"column":null}},"4":{"start":{"line":25,"column":4},"end":{"line":25,"column":null}},"5":{"start":{"line":38,"column":4},"end":{"line":38,"column":null}}},"fnMap":{},"branchMap":{},"s":{"0":1,"1":1,"2":1,"3":1,"4":1,"5":1},"f":{},"b":{}}
,"/home/duver-betancur/Training/IA_P1/backend/producer/src/presentation/dto/login.dto.ts": {"path":"/home/duver-betancur/Training/IA_P1/backend/producer/src/presentation/dto/login.dto.ts","statementMap":{"0":{"start":{"line":1,"column":0},"end":{"line":1,"column":63}},"1":{"start":{"line":4,"column":0},"end":{"line":4,"column":13}},"2":{"start":{"line":6,"column":2},"end":{"line":6,"column":null}},"3":{"start":{"line":10,"column":2},"end":{"line":10,"column":null}}},"fnMap":{},"branchMap":{},"s":{"0":2,"1":2,"2":2,"3":2},"f":{},"b":{}}
,"/home/duver-betancur/Training/IA_P1/backend/producer/src/presentation/dto/signup.dto.ts": {"path":"/home/duver-betancur/Training/IA_P1/backend/producer/src/presentation/dto/signup.dto.ts","statementMap":{"0":{"start":{"line":1,"column":0},"end":{"line":1,"column":69}},"1":{"start":{"line":5,"column":0},"end":{"line":5,"column":13}},"2":{"start":{"line":7,"column":2},"end":{"line":7,"column":null}},"3":{"start":{"line":11,"column":2},"end":{"line":11,"column":null}},"4":{"start":{"line":15,"column":2},"end":{"line":15,"column":null}},"5":{"start":{"line":19,"column":2},"end":{"line":19,"column":null}}},"fnMap":{},"branchMap":{},"s":{"0":2,"1":2,"2":2,"3":2,"4":2,"5":2},"f":{},"b":{}}
}
