TN:
SF:src/application/use-cases/create-turno.use-case.ts
FN:32,(anonymous_4)
FN:36,(anonymous_5)
FNF:2
FNH:2
FNDA:2,(anonymous_4)
FNDA:2,(anonymous_5)
DA:1,2
DA:3,2
DA:29,2
DA:30,2
DA:33,2
DA:37,2
DA:38,2
DA:39,1
DA:40,1
DA:42,1
DA:43,1
DA:44,1
LF:12
LH:12
BRDA:42,0,0,1
BRDA:42,0,1,0
BRF:2
BRH:1
end_of_record
TN:
SF:src/application/use-cases/get-all-turnos.use-case.ts
FN:13,(anonymous_4)
FN:17,(anonymous_5)
FN:19,(anonymous_6)
FNF:3
FNH:3
FNDA:2,(anonymous_4)
FNDA:2,(anonymous_5)
FNDA:2,(anonymous_6)
DA:1,4
DA:4,4
DA:12,4
DA:14,2
DA:18,2
DA:19,2
LF:6
LH:6
BRF:0
BRH:0
end_of_record
TN:
SF:src/application/use-cases/get-turnos-by-cedula.use-case.ts
FN:13,(anonymous_4)
FN:17,(anonymous_5)
FN:19,(anonymous_6)
FNF:3
FNH:3
FNDA:2,(anonymous_4)
FNDA:2,(anonymous_5)
FNDA:1,(anonymous_6)
DA:1,2
DA:4,2
DA:12,2
DA:14,2
DA:18,2
DA:19,2
LF:6
LH:6
BRF:0
BRH:0
end_of_record
TN:
SF:src/application/use-cases/login.use-case.ts
FN:38,(anonymous_0)
FN:41,(anonymous_1)
FNF:2
FNH:2
FNDA:6,(anonymous_0)
FNDA:6,(anonymous_1)
DA:37,4
DA:38,6
DA:42,6
DA:44,6
DA:45,2
DA:48,4
DA:50,4
DA:51,2
DA:54,2
DA:55,2
DA:57,2
LF:11
LH:11
BRDA:44,0,0,2
BRDA:50,1,0,2
BRF:2
BRH:2
end_of_record
TN:
SF:src/application/use-cases/signup.use-case.ts
FN:28,(anonymous_0)
FN:31,(anonymous_1)
FNF:2
FNH:2
FNDA:4,(anonymous_0)
FNDA:4,(anonymous_1)
DA:27,4
DA:28,4
DA:32,4
DA:34,4
DA:35,2
DA:38,2
DA:39,2
DA:46,2
DA:47,2
DA:49,2
LF:10
LH:10
BRDA:34,0,0,2
BRF:1
BRH:1
end_of_record
TN:
SF:src/domain/entities/turno.entity.ts
FN:14,(anonymous_0)
FN:34,(anonymous_1)
FNF:2
FNH:2
FNDA:9,(anonymous_0)
FNDA:11,(anonymous_1)
DA:4,5
DA:24,9
DA:25,9
DA:26,9
DA:27,9
DA:28,9
DA:29,9
DA:30,9
DA:31,9
DA:35,11
LF:10
LH:10
BRDA:31,0,0,1
BRDA:31,0,1,8
BRDA:31,1,0,9
BRDA:31,1,1,1
BRDA:43,2,0,11
BRDA:43,2,1,1
BRF:6
BRH:6
end_of_record
TN:
SF:src/domain/ports/tokens.ts
FNF:0
FNH:0
DA:5,9
DA:6,9
DA:7,9
DA:8,9
DA:9,9
DA:10,9
LF:6
LH:6
BRF:0
BRH:0
end_of_record
TN:
SF:src/events/events.controller.ts
FN:14,(anonymous_4)
FN:17,(anonymous_5)
FN:23,(anonymous_6)
FNF:3
FNH:3
FNDA:2,(anonymous_4)
FNDA:1,(anonymous_5)
FNDA:1,(anonymous_6)
DA:1,1
DA:2,1
DA:3,1
DA:11,1
DA:12,2
DA:14,2
DA:17,1
DA:18,1
DA:19,1
DA:23,1
DA:24,1
DA:25,1
LF:12
LH:12
BRF:0
BRH:0
end_of_record
TN:
SF:src/events/turnos.gateway.ts
FN:29,(anonymous_4)
FN:35,(anonymous_5)
FN:41,(anonymous_6)
FN:55,(anonymous_7)
FN:61,(anonymous_8)
FNF:5
FNH:4
FNDA:4,(anonymous_4)
FNDA:3,(anonymous_5)
FNDA:1,(anonymous_6)
FNDA:0,(anonymous_7)
FNDA:1,(anonymous_8)
DA:1,2
DA:2,2
DA:8,2
DA:10,2
DA:22,2
DA:23,4
DA:26,2
DA:30,4
DA:36,3
DA:38,3
DA:39,3
DA:41,2
DA:43,2
DA:48,2
DA:50,1
DA:51,1
DA:56,0
DA:62,1
DA:67,1
LF:19
LH:18
BRDA:50,0,0,1
BRDA:50,0,1,0
BRDA:68,1,0,1
BRDA:68,1,1,0
BRDA:68,2,0,1
BRDA:68,2,1,1
BRF:6
BRH:4
end_of_record
TN:
SF:src/infrastructure/adapters/hmac-token.service.ts
FN:10,(anonymous_2)
FN:12,(anonymous_3)
FN:18,(anonymous_4)
FN:39,(anonymous_5)
FN:43,(anonymous_6)
FN:48,(anonymous_7)
FNF:6
FNH:6
FNDA:5,(anonymous_2)
FNDA:3,(anonymous_3)
FNDA:4,(anonymous_4)
FNDA:3,(anonymous_5)
FNDA:6,(anonymous_6)
FNDA:3,(anonymous_7)
DA:1,1
DA:2,1
DA:3,1
DA:9,1
DA:10,5
DA:13,3
DA:14,3
DA:15,3
DA:19,4
DA:20,4
DA:21,1
DA:24,3
DA:25,3
DA:27,3
DA:28,2
DA:31,1
DA:32,1
DA:33,1
DA:35,0
DA:40,3
DA:44,6
DA:45,6
DA:49,3
DA:50,3
DA:52,3
DA:53,2
DA:56,1
LF:27
LH:26
BRDA:20,0,0,1
BRDA:27,1,0,2
BRDA:52,2,0,2
BRF:3
BRH:3
end_of_record
TN:
SF:src/infrastructure/adapters/in-memory-user.repository.ts
FN:4,(anonymous_0)
FN:8,(anonymous_1)
FN:12,(anonymous_2)
FNF:3
FNH:3
FNDA:4,(anonymous_0)
FNDA:2,(anonymous_1)
FNDA:4,(anonymous_2)
DA:4,1
DA:5,4
DA:6,4
DA:9,2
DA:13,4
DA:22,4
DA:23,4
LF:7
LH:7
BRDA:9,0,0,1
BRDA:9,0,1,1
BRDA:9,1,0,2
BRDA:9,1,1,2
BRF:4
BRH:4
end_of_record
TN:
SF:src/infrastructure/adapters/rabbitmq-event-publisher.adapter.ts
FN:13,(anonymous_4)
FN:17,(anonymous_5)
FN:22,(anonymous_6)
FNF:3
FNH:3
FNDA:2,(anonymous_4)
FNDA:1,(anonymous_5)
FNDA:1,(anonymous_6)
DA:1,1
DA:2,1
DA:12,1
DA:14,2
DA:18,1
DA:23,1
LF:6
LH:6
BRF:0
BRH:0
end_of_record
TN:
SF:src/infrastructure/adapters/scrypt-password-hasher.adapter.ts
FN:6,(anonymous_0)
FN:12,(anonymous_1)
FNF:2
FNH:2
FNDA:5,(anonymous_0)
FNDA:3,(anonymous_1)
DA:1,1
DA:5,1
DA:7,5
DA:8,5
DA:9,5
DA:13,3
DA:14,3
DA:15,1
DA:18,2
DA:19,2
DA:21,2
LF:11
LH:11
BRDA:14,0,0,1
BRF:1
BRH:1
end_of_record
TN:
SF:src/infrastructure/adapters/turno-mongoose.adapter.ts
FN:18,(anonymous_4)
FN:22,(anonymous_5)
FN:28,(anonymous_6)
FN:31,(anonymous_7)
FN:41,(anonymous_8)
FN:47,(anonymous_9)
FNF:6
FNH:6
FNDA:4,(anonymous_4)
FNDA:2,(anonymous_5)
FNDA:2,(anonymous_6)
FNDA:2,(anonymous_7)
FNDA:1,(anonymous_8)
FNDA:3,(anonymous_9)
DA:1,1
DA:2,1
DA:3,1
DA:4,1
DA:6,1
DA:17,1
DA:19,4
DA:23,2
DA:28,2
DA:32,2
DA:37,2
DA:38,1
DA:41,1
DA:48,3
LF:14
LH:14
BRDA:37,0,0,1
BRF:1
BRH:1
end_of_record
TN:
SF:src/presentation/auth.controller.ts
FN:23,(anonymous_4)
FN:34,(anonymous_5)
FN:48,(anonymous_6)
FN:61,(anonymous_7)
FN:71,(anonymous_8)
FN:87,(anonymous_9)
FNF:6
FNH:6
FNDA:9,(anonymous_4)
FNDA:3,(anonymous_5)
FNDA:3,(anonymous_6)
FNDA:1,(anonymous_7)
FNDA:1,(anonymous_8)
FNDA:1,(anonymous_9)
DA:1,2
DA:2,2
DA:3,2
DA:4,2
DA:5,2
DA:7,2
DA:8,2
DA:9,2
DA:22,2
DA:24,9
DA:25,9
DA:26,9
DA:34,2
DA:35,3
DA:36,3
DA:37,2
DA:39,1
DA:48,2
DA:49,3
DA:50,3
DA:51,2
DA:53,1
DA:61,2
DA:62,1
DA:71,2
DA:72,1
DA:73,1
DA:87,2
DA:88,1
LF:29
LH:29
BRDA:39,0,0,1
BRDA:39,0,1,0
BRDA:53,1,0,1
BRDA:53,1,1,0
BRF:4
BRH:2
end_of_record
TN:
SF:src/presentation/auth.guard.ts
FN:9,(anonymous_4)
FN:14,(anonymous_5)
FNF:2
FNH:2
FNDA:3,(anonymous_4)
FNDA:3,(anonymous_5)
DA:1,3
DA:4,3
DA:8,3
DA:11,3
DA:15,3
DA:16,3
DA:18,3
DA:19,1
DA:22,2
DA:23,2
DA:25,2
DA:26,1
DA:29,1
DA:30,1
LF:14
LH:14
BRDA:18,0,0,1
BRDA:18,1,0,1
BRDA:18,1,1,2
BRDA:18,2,0,3
BRDA:18,2,1,3
BRDA:25,3,0,1
BRF:6
BRH:6
end_of_record
TN:
SF:src/presentation/producer.controller.ts
FN:13,(anonymous_4)
FN:46,(anonymous_5)
FN:79,(anonymous_6)
FN:105,(anonymous_7)
FNF:4
FNH:4
FNDA:3,(anonymous_4)
FNDA:1,(anonymous_5)
FNDA:1,(anonymous_6)
FNDA:1,(anonymous_7)
DA:1,1
DA:2,1
DA:3,1
DA:5,1
DA:6,1
DA:7,1
DA:11,1
DA:14,3
DA:15,3
DA:16,3
DA:46,1
DA:47,1
DA:79,1
DA:80,1
DA:105,1
DA:106,1
LF:16
LH:16
BRF:0
BRH:0
end_of_record
TN:
SF:src/presentation/dto/create-turno.dto.ts
FNF:0
FNH:0
DA:1,1
DA:2,1
DA:5,1
DA:17,1
DA:25,1
DA:38,1
LF:6
LH:6
BRF:0
BRH:0
end_of_record
TN:
SF:src/presentation/dto/login.dto.ts
FNF:0
FNH:0
DA:1,2
DA:4,2
DA:6,2
DA:10,2
LF:4
LH:4
BRF:0
BRH:0
end_of_record
TN:
SF:src/presentation/dto/signup.dto.ts
FNF:0
FNH:0
DA:1,2
DA:5,2
DA:7,2
DA:11,2
DA:15,2
DA:19,2
LF:6
LH:6
BRF:0
BRH:0
end_of_record
