{"/home/duver-betancur/Training/IA_P1/backend/consumer/src/application/use-cases/assign-room.use-case.ts": {"path":"/home/duver-betancur/Training/IA_P1/backend/consumer/src/application/use-cases/assign-room.use-case.ts","statementMap":{"0":{"start":{"line":1,"column":0},"end":{"line":1,"column":60}},"1":{"start":{"line":5,"column":0},"end":{"line":5,"column":90}},"2":{"start":{"line":14,"column":30},"end":{"line":95,"column":null}},"3":{"start":{"line":18,"column":57},"end":{"line":18,"column":90}},"4":{"start":{"line":19,"column":56},"end":{"line":19,"column":87}},"5":{"start":{"line":15,"column":21},"end":{"line":15,"column":65}},"6":{"start":{"line":28,"column":25},"end":{"line":28,"column":77}},"7":{"start":{"line":29,"column":8},"end":{"line":29,"column":77}},"8":{"start":{"line":32,"column":34},"end":{"line":34,"column":null}},"9":{"start":{"line":34,"column":22},"end":{"line":34,"column":35}},"10":{"start":{"line":36,"column":23},"end":{"line":36,"column":75}},"11":{"start":{"line":36,"column":53},"end":{"line":36,"column":74}},"12":{"start":{"line":38,"column":8},"end":{"line":41,"column":9}},"13":{"start":{"line":39,"column":12},"end":{"line":39,"column":75}},"14":{"start":{"line":40,"column":12},"end":{"line":40,"column":24}},"15":{"start":{"line":44,"column":25},"end":{"line":44,"column":75}},"16":{"start":{"line":46,"column":8},"end":{"line":49,"column":9}},"17":{"start":{"line":47,"column":12},"end":{"line":47,"column":60}},"18":{"start":{"line":48,"column":12},"end":{"line":48,"column":24}},"19":{"start":{"line":52,"column":25},"end":{"line":52,"column":36}},"20":{"start":{"line":53,"column":28},"end":{"line":53,"column":37}},"21":{"start":{"line":55,"column":33},"end":{"line":57,"column":null}},"22":{"start":{"line":60,"column":8},"end":{"line":65,"column":9}},"23":{"start":{"line":61,"column":12},"end":{"line":63,"column":14}},"24":{"start":{"line":64,"column":12},"end":{"line":64,"column":96}},"25":{"start":{"line":67,"column":8},"end":{"line":67,"column":32}},"26":{"start":{"line":74,"column":35},"end":{"line":74,"column":37}},"27":{"start":{"line":76,"column":8},"end":{"line":81,"column":9}},"28":{"start":{"line":77,"column":12},"end":{"line":79,"column":14}},"29":{"start":{"line":80,"column":12},"end":{"line":80,"column":29}},"30":{"start":{"line":83,"column":8},"end":{"line":87,"column":9}},"31":{"start":{"line":83,"column":29},"end":{"line":83,"column":30}},"32":{"start":{"line":84,"column":26},"end":{"line":84,"column":63}},"33":{"start":{"line":85,"column":12},"end":{"line":85,"column":30}},"34":{"start":{"line":85,"column":24},"end":{"line":85,"column":30}},"35":{"start":{"line":86,"column":12},"end":{"line":86,"column":34}},"36":{"start":{"line":89,"column":8},"end":{"line":91,"column":9}},"37":{"start":{"line":90,"column":12},"end":{"line":90,"column":89}},"38":{"start":{"line":93,"column":8},"end":{"line":93,"column":25}},"39":{"start":{"line":14,"column":13},"end":{"line":14,"column":30}},"40":{"start":{"line":14,"column":13},"end":{"line":95,"column":null}}},"fnMap":{"0":{"name":"(anonymous_4)","decl":{"start":{"line":17,"column":4},"end":{"line":17,"column":null}},"loc":{"start":{"line":19,"column":87},"end":{"line":20,"column":8}}},"1":{"name":"(anonymous_5)","decl":{"start":{"line":26,"column":4},"end":{"line":26,"column":9}},"loc":{"start":{"line":26,"column":43},"end":{"line":68,"column":5}}},"2":{"name":"(anonymous_6)","decl":{"start":{"line":34,"column":12},"end":{"line":34,"column":13}},"loc":{"start":{"line":34,"column":22},"end":{"line":34,"column":35}}},"3":{"name":"(anonymous_7)","decl":{"start":{"line":36,"column":48},"end":{"line":36,"column":49}},"loc":{"start":{"line":36,"column":53},"end":{"line":36,"column":74}}},"4":{"name":"(anonymous_8)","decl":{"start":{"line":73,"column":4},"end":{"line":73,"column":9}},"loc":{"start":{"line":73,"column":46},"end":{"line":94,"column":5}}}},"branchMap":{"0":{"loc":{"start":{"line":38,"column":8},"end":{"line":41,"column":9}},"type":"if","locations":[{"start":{"line":38,"column":8},"end":{"line":41,"column":9}}]},"1":{"loc":{"start":{"line":46,"column":8},"end":{"line":49,"column":9}},"type":"if","locations":[{"start":{"line":46,"column":8},"end":{"line":49,"column":9}}]},"2":{"loc":{"start":{"line":60,"column":8},"end":{"line":65,"column":9}},"type":"if","locations":[{"start":{"line":60,"column":8},"end":{"line":65,"column":9}}]},"3":{"loc":{"start":{"line":76,"column":8},"end":{"line":81,"column":9}},"type":"if","locations":[{"start":{"line":76,"column":8},"end":{"line":81,"column":9}}]},"4":{"loc":{"start":{"line":76,"column":12},"end":{"line":76,"column":74}},"type":"binary-expr","locations":[{"start":{"line":76,"column":12},"end":{"line":76,"column":48}},{"start":{"line":76,"column":52},"end":{"line":76,"column":74}}]},"5":{"loc":{"start":{"line":85,"column":12},"end":{"line":85,"column":30}},"type":"if","locations":[{"start":{"line":85,"column":12},"end":{"line":85,"column":30}}]},"6":{"loc":{"start":{"line":89,"column":8},"end":{"line":91,"column":9}},"type":"if","locations":[{"start":{"line":89,"column":8},"end":{"line":91,"column":9}}]}},"s":{"0":4,"1":4,"2":4,"3":7,"4":7,"5":7,"6":6,"7":6,"8":6,"9":30,"10":6,"11":30,"12":6,"13":1,"14":1,"15":5,"16":5,"17":2,"18":2,"19":3,"20":3,"21":3,"22":3,"23":3,"24":3,"25":3,"26":4,"27":4,"28":3,"29":3,"30":1,"31":1,"32":3,"33":3,"34":1,"35":2,"36":1,"37":1,"38":1,"39":4,"40":4},"f":{"0":7,"1":6,"2":30,"3":30,"4":4},"b":{"0":[1],"1":[2],"2":[3],"3":[3],"4":[4,3],"5":[1],"6":[1]}}
,"/home/duver-betancur/Training/IA_P1/backend/consumer/src/application/use-cases/create-turno.use-case.ts": {"path":"/home/duver-betancur/Training/IA_P1/backend/consumer/src/application/use-cases/create-turno.use-case.ts","statementMap":{"0":{"start":{"line":1,"column":0},"end":{"line":1,"column":81}},"1":{"start":{"line":2,"column":0},"end":{"line":2,"column":47}},"2":{"start":{"line":7,"column":0},"end":{"line":7,"column":59}},"3":{"start":{"line":8,"column":0},"end":{"line":8,"column":null}},"4":{"start":{"line":30,"column":31},"end":{"line":77,"column":null}},"5":{"start":{"line":35,"column":57},"end":{"line":35,"column":90}},"6":{"start":{"line":36,"column":56},"end":{"line":36,"column":87}},"7":{"start":{"line":37,"column":61},"end":{"line":37,"column":102}},"8":{"start":{"line":38,"column":25},"end":{"line":38,"column":44}},"9":{"start":{"line":39,"column":25},"end":{"line":39,"column":40}},"10":{"start":{"line":31,"column":21},"end":{"line":31,"column":66}},"11":{"start":{"line":41,"column":8},"end":{"line":41,"column":91}},"12":{"start":{"line":45,"column":23},"end":{"line":45,"column":82}},"13":{"start":{"line":46,"column":8},"end":{"line":48,"column":9}},"14":{"start":{"line":47,"column":12},"end":{"line":47,"column":99}},"15":{"start":{"line":51,"column":22},"end":{"line":51,"column":59}},"16":{"start":{"line":52,"column":8},"end":{"line":52,"column":94}},"17":{"start":{"line":55,"column":8},"end":{"line":58,"column":10}},"18":{"start":{"line":61,"column":29},"end":{"line":61,"column":51}},"19":{"start":{"line":62,"column":8},"end":{"line":62,"column":66}},"20":{"start":{"line":66,"column":8},"end":{"line":73,"column":9}},"21":{"start":{"line":67,"column":12},"end":{"line":67,"column":76}},"22":{"start":{"line":69,"column":12},"end":{"line":72,"column":14}},"23":{"start":{"line":75,"column":8},"end":{"line":75,"column":39}},"24":{"start":{"line":30,"column":13},"end":{"line":30,"column":31}},"25":{"start":{"line":30,"column":13},"end":{"line":77,"column":null}}},"fnMap":{"0":{"name":"(anonymous_4)","decl":{"start":{"line":34,"column":4},"end":{"line":34,"column":null}},"loc":{"start":{"line":39,"column":53},"end":{"line":42,"column":5}}},"1":{"name":"(anonymous_5)","decl":{"start":{"line":44,"column":4},"end":{"line":44,"column":9}},"loc":{"start":{"line":44,"column":39},"end":{"line":76,"column":5}}}},"branchMap":{"0":{"loc":{"start":{"line":41,"column":33},"end":{"line":41,"column":90}},"type":"binary-expr","locations":[{"start":{"line":41,"column":33},"end":{"line":41,"column":85}},{"start":{"line":41,"column":89},"end":{"line":41,"column":90}}]},"1":{"loc":{"start":{"line":46,"column":8},"end":{"line":48,"column":9}},"type":"if","locations":[{"start":{"line":46,"column":8},"end":{"line":48,"column":9}}]}},"s":{"0":2,"1":2,"2":2,"3":2,"4":2,"5":3,"6":3,"7":3,"8":3,"9":3,"10":3,"11":3,"12":3,"13":3,"14":1,"15":2,"16":2,"17":2,"18":2,"19":2,"20":2,"21":2,"22":1,"23":2,"24":2,"25":2},"f":{"0":3,"1":3},"b":{"0":[3,0],"1":[1]}}
,"/home/duver-betancur/Training/IA_P1/backend/consumer/src/application/use-cases/finalize-turnos.use-case.ts": {"path":"/home/duver-betancur/Training/IA_P1/backend/consumer/src/application/use-cases/finalize-turnos.use-case.ts","statementMap":{"0":{"start":{"line":1,"column":0},"end":{"line":1,"column":60}},"1":{"start":{"line":5,"column":0},"end":{"line":5,"column":90}},"2":{"start":{"line":14,"column":34},"end":{"line":35,"column":null}},"3":{"start":{"line":18,"column":57},"end":{"line":18,"column":90}},"4":{"start":{"line":19,"column":56},"end":{"line":19,"column":87}},"5":{"start":{"line":15,"column":21},"end":{"line":15,"column":69}},"6":{"start":{"line":23,"column":28},"end":{"line":23,"column":80}},"7":{"start":{"line":25,"column":8},"end":{"line":27,"column":9}},"8":{"start":{"line":26,"column":12},"end":{"line":26,"column":85}},"9":{"start":{"line":29,"column":8},"end":{"line":31,"column":9}},"10":{"start":{"line":30,"column":12},"end":{"line":30,"column":82}},"11":{"start":{"line":33,"column":8},"end":{"line":33,"column":27}},"12":{"start":{"line":14,"column":13},"end":{"line":14,"column":34}},"13":{"start":{"line":14,"column":13},"end":{"line":35,"column":null}}},"fnMap":{"0":{"name":"(anonymous_4)","decl":{"start":{"line":17,"column":4},"end":{"line":17,"column":null}},"loc":{"start":{"line":19,"column":87},"end":{"line":20,"column":8}}},"1":{"name":"(anonymous_5)","decl":{"start":{"line":22,"column":4},"end":{"line":22,"column":9}},"loc":{"start":{"line":22,"column":17},"end":{"line":34,"column":5}}}},"branchMap":{"0":{"loc":{"start":{"line":29,"column":8},"end":{"line":31,"column":9}},"type":"if","locations":[{"start":{"line":29,"column":8},"end":{"line":31,"column":9}}]}},"s":{"0":2,"1":2,"2":2,"3":1,"4":1,"5":1,"6":1,"7":1,"8":1,"9":1,"10":1,"11":1,"12":2,"13":2},"f":{"0":1,"1":1},"b":{"0":[1]}}
,"/home/duver-betancur/Training/IA_P1/backend/consumer/src/domain/entities/turno.entity.ts": {"path":"/home/duver-betancur/Training/IA_P1/backend/consumer/src/domain/entities/turno.entity.ts","statementMap":{"0":{"start":{"line":24,"column":8},"end":{"line":24,"column":27}},"1":{"start":{"line":25,"column":8},"end":{"line":25,"column":35}},"2":{"start":{"line":26,"column":8},"end":{"line":26,"column":35}},"3":{"start":{"line":27,"column":8},"end":{"line":27,"column":45}},"4":{"start":{"line":28,"column":8},"end":{"line":28,"column":35}},"5":{"start":{"line":29,"column":8},"end":{"line":29,"column":39}},"6":{"start":{"line":30,"column":8},"end":{"line":30,"column":41}},"7":{"start":{"line":31,"column":8},"end":{"line":31,"column":57}},"8":{"start":{"line":35,"column":8},"end":{"line":43,"column":null}},"9":{"start":{"line":4,"column":0},"end":{"line":4,"column":13}}},"fnMap":{"0":{"name":"(anonymous_0)","decl":{"start":{"line":14,"column":4},"end":{"line":14,"column":16}},"loc":{"start":{"line":23,"column":5},"end":{"line":32,"column":5}}},"1":{"name":"(anonymous_1)","decl":{"start":{"line":34,"column":4},"end":{"line":34,"column":18}},"loc":{"start":{"line":34,"column":18},"end":{"line":45,"column":5}}}},"branchMap":{"0":{"loc":{"start":{"line":31,"column":29},"end":{"line":31,"column":56}},"type":"cond-expr","locations":[{"start":{"line":31,"column":48},"end":{"line":31,"column":52}},{"start":{"line":31,"column":52},"end":{"line":31,"column":56}}]},"1":{"loc":{"start":{"line":31,"column":29},"end":{"line":31,"column":52}},"type":"binary-expr","locations":[{"start":{"line":31,"column":29},"end":{"line":31,"column":52}},{"start":{"line":31,"column":48},"end":{"line":31,"column":52}}]},"2":{"loc":{"start":{"line":43,"column":16},"end":{"line":43,"column":83}},"type":"binary-expr","locations":[{"start":{"line":43,"column":16},"end":{"line":43,"column":42}},{"start":{"line":43,"column":46},"end":{"line":43,"column":83}}]}},"s":{"0":21,"1":21,"2":21,"3":21,"4":21,"5":21,"6":21,"7":21,"8":12,"9":6},"f":{"0":21,"1":12},"b":{"0":[5,16],"1":[21,5],"2":[12,7]}}
,"/home/duver-betancur/Training/IA_P1/backend/consumer/src/domain/ports/tokens.ts": {"path":"/home/duver-betancur/Training/IA_P1/backend/consumer/src/domain/ports/tokens.ts","statementMap":{"0":{"start":{"line":5,"column":13},"end":{"line":5,"column":57}},"1":{"start":{"line":6,"column":13},"end":{"line":6,"column":55}},"2":{"start":{"line":7,"column":13},"end":{"line":7,"column":65}},"3":{"start":{"line":8,"column":13},"end":{"line":8,"column":74}}},"fnMap":{},"branchMap":{},"s":{"0":6,"1":6,"2":6,"3":6},"f":{},"b":{}}
,"/home/duver-betancur/Training/IA_P1/backend/consumer/src/infrastructure/adapters/rabbitmq-event-publisher.adapter.ts": {"path":"/home/duver-betancur/Training/IA_P1/backend/consumer/src/infrastructure/adapters/rabbitmq-event-publisher.adapter.ts","statementMap":{"0":{"start":{"line":1,"column":0},"end":{"line":1,"column":69}},"1":{"start":{"line":2,"column":0},"end":{"line":2,"column":52}},"2":{"start":{"line":12,"column":7},"end":{"line":25,"column":null}},"3":{"start":{"line":14,"column":57},"end":{"line":14,"column":65}},"4":{"start":{"line":18,"column":8},"end":{"line":18,"column":41}},"5":{"start":{"line":23,"column":8},"end":{"line":23,"column":34}},"6":{"start":{"line":12,"column":13},"end":{"line":12,"column":35}},"7":{"start":{"line":12,"column":13},"end":{"line":25,"column":null}}},"fnMap":{"0":{"name":"(anonymous_4)","decl":{"start":{"line":13,"column":4},"end":{"line":13,"column":null}},"loc":{"start":{"line":14,"column":76},"end":{"line":15,"column":8}}},"1":{"name":"(anonymous_5)","decl":{"start":{"line":17,"column":4},"end":{"line":17,"column":11}},"loc":{"start":{"line":17,"column":43},"end":{"line":19,"column":5}}},"2":{"name":"(anonymous_6)","decl":{"start":{"line":22,"column":4},"end":{"line":22,"column":9}},"loc":{"start":{"line":22,"column":25},"end":{"line":24,"column":5}}}},"branchMap":{},"s":{"0":1,"1":1,"2":1,"3":2,"4":1,"5":1,"6":1,"7":1},"f":{"0":2,"1":1,"2":1},"b":{}}
,"/home/duver-betancur/Training/IA_P1/backend/consumer/src/infrastructure/adapters/standard-priority-sorting.strategy.ts": {"path":"/home/duver-betancur/Training/IA_P1/backend/consumer/src/infrastructure/adapters/standard-priority-sorting.strategy.ts","statementMap":{"0":{"start":{"line":1,"column":0},"end":{"line":1,"column":44}},"1":{"start":{"line":12,"column":54},"end":{"line":16,"column":2}},"2":{"start":{"line":19,"column":7},"end":{"line":28,"column":null}},"3":{"start":{"line":21,"column":8},"end":{"line":26,"column":11}},"4":{"start":{"line":22,"column":23},"end":{"line":22,"column":73}},"5":{"start":{"line":23,"column":23},"end":{"line":23,"column":73}},"6":{"start":{"line":24,"column":12},"end":{"line":24,"column":42}},"7":{"start":{"line":24,"column":27},"end":{"line":24,"column":42}},"8":{"start":{"line":25,"column":12},"end":{"line":25,"column":45}},"9":{"start":{"line":19,"column":13},"end":{"line":19,"column":44}},"10":{"start":{"line":19,"column":13},"end":{"line":28,"column":null}}},"fnMap":{"0":{"name":"(anonymous_1)","decl":{"start":{"line":20,"column":4},"end":{"line":20,"column":8}},"loc":{"start":{"line":20,"column":24},"end":{"line":27,"column":5}}},"1":{"name":"(anonymous_2)","decl":{"start":{"line":21,"column":32},"end":{"line":21,"column":33}},"loc":{"start":{"line":21,"column":41},"end":{"line":26,"column":9}}}},"branchMap":{"0":{"loc":{"start":{"line":22,"column":23},"end":{"line":22,"column":73}},"type":"cond-expr","locations":[{"start":{"line":22,"column":49},"end":{"line":22,"column":53}},{"start":{"line":22,"column":53},"end":{"line":22,"column":73}}]},"1":{"loc":{"start":{"line":22,"column":23},"end":{"line":22,"column":53}},"type":"binary-expr","locations":[{"start":{"line":22,"column":23},"end":{"line":22,"column":53}},{"start":{"line":22,"column":49},"end":{"line":22,"column":53}}]},"2":{"loc":{"start":{"line":23,"column":23},"end":{"line":23,"column":73}},"type":"cond-expr","locations":[{"start":{"line":23,"column":49},"end":{"line":23,"column":53}},{"start":{"line":23,"column":53},"end":{"line":23,"column":73}}]},"3":{"loc":{"start":{"line":23,"column":23},"end":{"line":23,"column":53}},"type":"binary-expr","locations":[{"start":{"line":23,"column":23},"end":{"line":23,"column":53}},{"start":{"line":23,"column":49},"end":{"line":23,"column":53}}]},"4":{"loc":{"start":{"line":24,"column":12},"end":{"line":24,"column":42}},"type":"if","locations":[{"start":{"line":24,"column":12},"end":{"line":24,"column":42}}]}},"s":{"0":1,"1":1,"2":1,"3":1,"4":5,"5":5,"6":5,"7":4,"8":1,"9":1,"10":1},"f":{"0":1,"1":5},"b":{"0":[5,0],"1":[5,5],"2":[5,0],"3":[5,5],"4":[4]}}
,"/home/duver-betancur/Training/IA_P1/backend/consumer/src/infrastructure/adapters/turno-mongoose.adapter.ts": {"path":"/home/duver-betancur/Training/IA_P1/backend/consumer/src/infrastructure/adapters/turno-mongoose.adapter.ts","statementMap":{"0":{"start":{"line":1,"column":0},"end":{"line":1,"column":60}},"1":{"start":{"line":2,"column":0},"end":{"line":2,"column":47}},"2":{"start":{"line":3,"column":0},"end":{"line":3,"column":33}},"3":{"start":{"line":4,"column":0},"end":{"line":4,"column":78}},"4":{"start":{"line":6,"column":0},"end":{"line":6,"column":59}},"5":{"start":{"line":8,"column":0},"end":{"line":8,"column":76}},"6":{"start":{"line":18,"column":33},"end":{"line":138,"column":null}},"7":{"start":{"line":22,"column":56},"end":{"line":22,"column":68}},"8":{"start":{"line":23,"column":66},"end":{"line":23,"column":107}},"9":{"start":{"line":19,"column":21},"end":{"line":19,"column":68}},"10":{"start":{"line":27,"column":20},"end":{"line":29,"column":19}},"11":{"start":{"line":31,"column":8},"end":{"line":31,"column":47}},"12":{"start":{"line":35,"column":20},"end":{"line":42,"column":10}},"13":{"start":{"line":44,"column":22},"end":{"line":44,"column":38}},"14":{"start":{"line":45,"column":8},"end":{"line":45,"column":99}},"15":{"start":{"line":46,"column":8},"end":{"line":46,"column":36}},"16":{"start":{"line":50,"column":21},"end":{"line":52,"column":19}},"17":{"start":{"line":54,"column":23},"end":{"line":54,"column":58}},"18":{"start":{"line":54,"column":39},"end":{"line":54,"column":57}},"19":{"start":{"line":57,"column":8},"end":{"line":57,"column":49}},"20":{"start":{"line":61,"column":21},"end":{"line":65,"column":19}},"21":{"start":{"line":67,"column":8},"end":{"line":69,"column":71}},"22":{"start":{"line":68,"column":22},"end":{"line":68,"column":35}},"23":{"start":{"line":69,"column":40},"end":{"line":69,"column":69}},"24":{"start":{"line":75,"column":33},"end":{"line":75,"column":77}},"25":{"start":{"line":76,"column":30},"end":{"line":76,"column":66}},"26":{"start":{"line":78,"column":20},"end":{"line":86,"column":16}},"27":{"start":{"line":88,"column":8},"end":{"line":91,"column":9}},"28":{"start":{"line":89,"column":12},"end":{"line":89,"column":120}},"29":{"start":{"line":90,"column":12},"end":{"line":90,"column":38}},"30":{"start":{"line":93,"column":8},"end":{"line":93,"column":20}},"31":{"start":{"line":98,"column":22},"end":{"line":98,"column":32}},"32":{"start":{"line":99,"column":26},"end":{"line":102,"column":17}},"33":{"start":{"line":104,"column":8},"end":{"line":104,"column":46}},"34":{"start":{"line":104,"column":36},"end":{"line":104,"column":46}},"35":{"start":{"line":106,"column":8},"end":{"line":112,"column":17}},"36":{"start":{"line":114,"column":8},"end":{"line":114,"column":97}},"37":{"start":{"line":117,"column":8},"end":{"line":120,"column":11}},"38":{"start":{"line":118,"column":12},"end":{"line":118,"column":36}},"39":{"start":{"line":119,"column":12},"end":{"line":119,"column":38}},"40":{"start":{"line":127,"column":8},"end":{"line":136,"column":11}},"41":{"start":{"line":18,"column":13},"end":{"line":18,"column":33}},"42":{"start":{"line":18,"column":13},"end":{"line":138,"column":null}}},"fnMap":{"0":{"name":"(anonymous_4)","decl":{"start":{"line":21,"column":4},"end":{"line":21,"column":null}},"loc":{"start":{"line":23,"column":107},"end":{"line":24,"column":8}}},"1":{"name":"(anonymous_5)","decl":{"start":{"line":26,"column":4},"end":{"line":26,"column":9}},"loc":{"start":{"line":26,"column":44},"end":{"line":32,"column":5}}},"2":{"name":"(anonymous_6)","decl":{"start":{"line":34,"column":4},"end":{"line":34,"column":9}},"loc":{"start":{"line":34,"column":36},"end":{"line":47,"column":5}}},"3":{"name":"(anonymous_7)","decl":{"start":{"line":49,"column":4},"end":{"line":49,"column":9}},"loc":{"start":{"line":49,"column":31},"end":{"line":58,"column":5}}},"4":{"name":"(anonymous_8)","decl":{"start":{"line":54,"column":32},"end":{"line":54,"column":35}},"loc":{"start":{"line":54,"column":39},"end":{"line":54,"column":57}}},"5":{"name":"(anonymous_9)","decl":{"start":{"line":60,"column":4},"end":{"line":60,"column":9}},"loc":{"start":{"line":60,"column":33},"end":{"line":70,"column":5}}},"6":{"name":"(anonymous_10)","decl":{"start":{"line":68,"column":17},"end":{"line":68,"column":18}},"loc":{"start":{"line":68,"column":22},"end":{"line":68,"column":35}}},"7":{"name":"(anonymous_11)","decl":{"start":{"line":69,"column":20},"end":{"line":69,"column":21}},"loc":{"start":{"line":69,"column":40},"end":{"line":69,"column":69}}},"8":{"name":"(anonymous_12)","decl":{"start":{"line":74,"column":4},"end":{"line":74,"column":9}},"loc":{"start":{"line":74,"column":65},"end":{"line":94,"column":5}}},"9":{"name":"(anonymous_13)","decl":{"start":{"line":97,"column":4},"end":{"line":97,"column":9}},"loc":{"start":{"line":97,"column":33},"end":{"line":121,"column":5}}},"10":{"name":"(anonymous_14)","decl":{"start":{"line":117,"column":29},"end":{"line":117,"column":32}},"loc":{"start":{"line":117,"column":35},"end":{"line":120,"column":9}}},"11":{"name":"(anonymous_15)","decl":{"start":{"line":126,"column":12},"end":{"line":126,"column":20}},"loc":{"start":{"line":126,"column":39},"end":{"line":137,"column":5}}}},"branchMap":{"0":{"loc":{"start":{"line":31,"column":15},"end":{"line":31,"column":46}},"type":"cond-expr","locations":[{"start":{"line":31,"column":21},"end":{"line":31,"column":39}},{"start":{"line":31,"column":42},"end":{"line":31,"column":46}}]},"1":{"loc":{"start":{"line":40,"column":22},"end":{"line":40,"column":46}},"type":"cond-expr","locations":[{"start":{"line":40,"column":35},"end":{"line":40,"column":39}},{"start":{"line":40,"column":39},"end":{"line":40,"column":46}}]},"2":{"loc":{"start":{"line":40,"column":22},"end":{"line":40,"column":39}},"type":"binary-expr","locations":[{"start":{"line":40,"column":22},"end":{"line":40,"column":39}},{"start":{"line":40,"column":35},"end":{"line":40,"column":39}}]},"3":{"loc":{"start":{"line":69,"column":40},"end":{"line":69,"column":69}},"type":"binary-expr","locations":[{"start":{"line":69,"column":40},"end":{"line":69,"column":50}},{"start":{"line":69,"column":54},"end":{"line":69,"column":69}}]},"4":{"loc":{"start":{"line":88,"column":8},"end":{"line":91,"column":9}},"type":"if","locations":[{"start":{"line":88,"column":8},"end":{"line":91,"column":9}}]},"5":{"loc":{"start":{"line":104,"column":8},"end":{"line":104,"column":46}},"type":"if","locations":[{"start":{"line":104,"column":8},"end":{"line":104,"column":46}}]}},"s":{"0":1,"1":1,"2":1,"3":1,"4":1,"5":1,"6":1,"7":10,"8":10,"9":10,"10":2,"11":2,"12":1,"13":1,"14":1,"15":1,"16":1,"17":1,"18":2,"19":1,"20":2,"21":2,"22":5,"23":5,"24":2,"25":2,"26":2,"27":2,"28":1,"29":1,"30":1,"31":2,"32":2,"33":2,"34":1,"35":1,"36":1,"37":1,"38":1,"39":1,"40":6,"41":1,"42":1},"f":{"0":10,"1":2,"2":1,"3":1,"4":2,"5":2,"6":5,"7":5,"8":2,"9":2,"10":1,"11":6},"b":{"0":[1,1],"1":[1,0],"2":[1,1],"3":[5,4],"4":[1],"5":[1]}}
,"/home/duver-betancur/Training/IA_P1/backend/consumer/src/notifications/notifications.service.ts": {"path":"/home/duver-betancur/Training/IA_P1/backend/consumer/src/notifications/notifications.service.ts","statementMap":{"0":{"start":{"line":1,"column":0},"end":{"line":1,"column":52}},"1":{"start":{"line":5,"column":33},"end":{"line":19,"column":null}},"2":{"start":{"line":6,"column":21},"end":{"line":6,"column":68}},"3":{"start":{"line":14,"column":24},"end":{"line":16,"column":74}},"4":{"start":{"line":17,"column":8},"end":{"line":17,"column":85}},"5":{"start":{"line":5,"column":13},"end":{"line":5,"column":33}},"6":{"start":{"line":5,"column":13},"end":{"line":19,"column":null}}},"fnMap":{"0":{"name":"(anonymous_1)","decl":{"start":{"line":5,"column":7},"end":{"line":5,"column":13}},"loc":{"start":{"line":5,"column":7},"end":{"line":19,"column":1}}},"1":{"name":"(anonymous_2)","decl":{"start":{"line":13,"column":4},"end":{"line":13,"column":9}},"loc":{"start":{"line":13,"column":69},"end":{"line":18,"column":5}}}},"branchMap":{"0":{"loc":{"start":{"line":14,"column":24},"end":{"line":16,"column":74}},"type":"cond-expr","locations":[{"start":{"line":15,"column":14},"end":{"line":15,"column":71}},{"start":{"line":16,"column":14},"end":{"line":16,"column":74}}]}},"s":{"0":1,"1":1,"2":2,"3":2,"4":2,"5":1,"6":1},"f":{"0":2,"1":2},"b":{"0":[1,1]}}
,"/home/duver-betancur/Training/IA_P1/backend/consumer/src/presentation/consumer.controller.ts": {"path":"/home/duver-betancur/Training/IA_P1/backend/consumer/src/presentation/consumer.controller.ts","statementMap":{"0":{"start":{"line":1,"column":0},"end":{"line":1,"column":73}},"1":{"start":{"line":2,"column":0},"end":{"line":2,"column":79}},"2":{"start":{"line":3,"column":0},"end":{"line":3,"column":56}},"3":{"start":{"line":4,"column":0},"end":{"line":4,"column":84}},"4":{"start":{"line":7,"column":31},"end":{"line":41,"column":null}},"5":{"start":{"line":13,"column":25},"end":{"line":13,"column":45}},"6":{"start":{"line":8,"column":21},"end":{"line":8,"column":66}},"7":{"start":{"line":18,"column":24},"end":{"line":18,"column":47}},"8":{"start":{"line":19,"column":28},"end":{"line":19,"column":48}},"9":{"start":{"line":21,"column":8},"end":{"line":21,"column":69}},"10":{"start":{"line":23,"column":8},"end":{"line":39,"column":9}},"11":{"start":{"line":25,"column":12},"end":{"line":25,"column":56}},"12":{"start":{"line":28,"column":12},"end":{"line":28,"column":37}},"13":{"start":{"line":30,"column":28},"end":{"line":30,"column":82}},"14":{"start":{"line":31,"column":12},"end":{"line":31,"column":70}},"15":{"start":{"line":34,"column":12},"end":{"line":38,"column":13}},"16":{"start":{"line":35,"column":16},"end":{"line":35,"column":56}},"17":{"start":{"line":37,"column":16},"end":{"line":37,"column":55}},"18":{"start":{"line":7,"column":13},"end":{"line":7,"column":31}},"19":{"start":{"line":17,"column":10},"end":{"line":40,"column":null}},"20":{"start":{"line":7,"column":13},"end":{"line":41,"column":null}}},"fnMap":{"0":{"name":"(anonymous_4)","decl":{"start":{"line":12,"column":4},"end":{"line":12,"column":null}},"loc":{"start":{"line":13,"column":63},"end":{"line":14,"column":9}}},"1":{"name":"(anonymous_5)","decl":{"start":{"line":17,"column":4},"end":{"line":17,"column":9}},"loc":{"start":{"line":17,"column":86},"end":{"line":40,"column":5}}}},"branchMap":{"0":{"loc":{"start":{"line":30,"column":28},"end":{"line":30,"column":82}},"type":"cond-expr","locations":[{"start":{"line":30,"column":53},"end":{"line":30,"column":66}},{"start":{"line":30,"column":69},"end":{"line":30,"column":82}}]},"1":{"loc":{"start":{"line":34,"column":12},"end":{"line":38,"column":13}},"type":"if","locations":[{"start":{"line":34,"column":12},"end":{"line":38,"column":13}},{"start":{"line":36,"column":19},"end":{"line":38,"column":13}}]}},"s":{"0":1,"1":1,"2":1,"3":1,"4":1,"5":3,"6":3,"7":3,"8":3,"9":3,"10":3,"11":3,"12":1,"13":2,"14":2,"15":2,"16":1,"17":1,"18":1,"19":1,"20":1},"f":{"0":3,"1":3},"b":{"0":[2,0],"1":[1,1]}}
,"/home/duver-betancur/Training/IA_P1/backend/consumer/src/presentation/dto/create-turno.dto.ts": {"path":"/home/duver-betancur/Training/IA_P1/backend/consumer/src/presentation/dto/create-turno.dto.ts","statementMap":{"0":{"start":{"line":1,"column":0},"end":{"line":1,"column":83}},"1":{"start":{"line":4,"column":0},"end":{"line":4,"column":13}},"2":{"start":{"line":9,"column":4},"end":{"line":9,"column":null}},"3":{"start":{"line":13,"column":4},"end":{"line":13,"column":null}},"4":{"start":{"line":20,"column":4},"end":{"line":20,"column":null}}},"fnMap":{},"branchMap":{},"s":{"0":1,"1":1,"2":1,"3":1,"4":1},"f":{},"b":{}}
,"/home/duver-betancur/Training/IA_P1/backend/consumer/src/scheduler/scheduler.service.ts": {"path":"/home/duver-betancur/Training/IA_P1/backend/consumer/src/scheduler/scheduler.service.ts","statementMap":{"0":{"start":{"line":1,"column":0},"end":{"line":1,"column":69}},"1":{"start":{"line":2,"column":0},"end":{"line":2,"column":53}},"2":{"start":{"line":3,"column":0},"end":{"line":3,"column":47}},"3":{"start":{"line":4,"column":0},"end":{"line":4,"column":90}},"4":{"start":{"line":5,"column":0},"end":{"line":5,"column":82}},"5":{"start":{"line":9,"column":29},"end":{"line":9,"column":30}},"6":{"start":{"line":10,"column":32},"end":{"line":10,"column":61}},"7":{"start":{"line":17,"column":29},"end":{"line":55,"column":null}},"8":{"start":{"line":23,"column":25},"end":{"line":23,"column":48}},"9":{"start":{"line":24,"column":25},"end":{"line":24,"column":44}},"10":{"start":{"line":25,"column":25},"end":{"line":25,"column":40}},"11":{"start":{"line":26,"column":25},"end":{"line":26,"column":44}},"12":{"start":{"line":18,"column":21},"end":{"line":18,"column":64}},"13":{"start":{"line":28,"column":8},"end":{"line":28,"column":91}},"14":{"start":{"line":29,"column":8},"end":{"line":29,"column":110}},"15":{"start":{"line":30,"column":8},"end":{"line":32,"column":10}},"16":{"start":{"line":34,"column":25},"end":{"line":36,"column":27}},"17":{"start":{"line":35,"column":12},"end":{"line":35,"column":44}},"18":{"start":{"line":37,"column":8},"end":{"line":37,"column":78}},"19":{"start":{"line":42,"column":8},"end":{"line":42,"column":71}},"20":{"start":{"line":43,"column":8},"end":{"line":43,"column":69}},"21":{"start":{"line":47,"column":8},"end":{"line":53,"column":9}},"22":{"start":{"line":48,"column":12},"end":{"line":48,"column":55}},"23":{"start":{"line":49,"column":12},"end":{"line":49,"column":76}},"24":{"start":{"line":51,"column":28},"end":{"line":51,"column":82}},"25":{"start":{"line":52,"column":12},"end":{"line":52,"column":78}},"26":{"start":{"line":17,"column":13},"end":{"line":17,"column":29}},"27":{"start":{"line":17,"column":13},"end":{"line":55,"column":null}}},"fnMap":{"0":{"name":"(anonymous_2)","decl":{"start":{"line":22,"column":4},"end":{"line":22,"column":null}},"loc":{"start":{"line":26,"column":61},"end":{"line":38,"column":5}}},"1":{"name":"(anonymous_3)","decl":{"start":{"line":34,"column":37},"end":{"line":34,"column":40}},"loc":{"start":{"line":34,"column":42},"end":{"line":36,"column":9}}},"2":{"name":"(anonymous_4)","decl":{"start":{"line":41,"column":4},"end":{"line":41,"column":19}},"loc":{"start":{"line":41,"column":19},"end":{"line":44,"column":5}}},"3":{"name":"(anonymous_5)","decl":{"start":{"line":46,"column":4},"end":{"line":46,"column":9}},"loc":{"start":{"line":46,"column":29},"end":{"line":54,"column":5}}}},"branchMap":{"0":{"loc":{"start":{"line":28,"column":26},"end":{"line":28,"column":90}},"type":"binary-expr","locations":[{"start":{"line":28,"column":26},"end":{"line":28,"column":81}},{"start":{"line":28,"column":85},"end":{"line":28,"column":90}}]},"1":{"loc":{"start":{"line":29,"column":33},"end":{"line":29,"column":109}},"type":"binary-expr","locations":[{"start":{"line":29,"column":33},"end":{"line":29,"column":85}},{"start":{"line":29,"column":89},"end":{"line":29,"column":109}}]},"2":{"loc":{"start":{"line":51,"column":28},"end":{"line":51,"column":82}},"type":"cond-expr","locations":[{"start":{"line":51,"column":53},"end":{"line":51,"column":66}},{"start":{"line":51,"column":69},"end":{"line":51,"column":82}}]}},"s":{"0":1,"1":1,"2":1,"3":1,"4":1,"5":1,"6":1,"7":1,"8":5,"9":5,"10":5,"11":5,"12":5,"13":5,"14":5,"15":5,"16":5,"17":0,"18":5,"19":1,"20":1,"21":2,"22":2,"23":1,"24":1,"25":1,"26":1,"27":1},"f":{"0":5,"1":0,"2":1,"3":2},"b":{"0":[5,0],"1":[5,0],"2":[1,0]}}
}
