TN:
SF:src/application/use-cases/assign-room.use-case.ts
FN:17,(anonymous_4)
FN:26,(anonymous_5)
FN:34,(anonymous_6)
FN:36,(anonymous_7)
FN:73,(anonymous_8)
FNF:5
FNH:5
FNDA:7,(anonymous_4)
FNDA:6,(anonymous_5)
FNDA:30,(anonymous_6)
FNDA:30,(anonymous_7)
FNDA:4,(anonymous_8)
DA:1,4
DA:5,4
DA:14,4
DA:15,7
DA:18,7
DA:19,7
DA:28,6
DA:29,6
DA:32,6
DA:34,30
DA:36,30
DA:38,6
DA:39,1
DA:40,1
DA:44,5
DA:46,5
DA:47,2
DA:48,2
DA:52,3
DA:53,3
DA:55,3
DA:60,3
DA:61,3
DA:64,3
DA:67,3
DA:74,4
DA:76,4
DA:77,3
DA:80,3
DA:83,1
DA:84,3
DA:85,3
DA:86,2
DA:89,1
DA:90,1
DA:93,1
LF:36
LH:36
BRDA:38,0,0,1
BRDA:46,1,0,2
BRDA:60,2,0,3
BRDA:76,3,0,3
BRDA:76,4,0,4
BRDA:76,4,1,3
BRDA:85,5,0,1
BRDA:89,6,0,1
BRF:8
BRH:8
end_of_record
TN:
SF:src/application/use-cases/create-turno.use-case.ts
FN:34,(anonymous_4)
FN:44,(anonymous_5)
FNF:2
FNH:2
FNDA:3,(anonymous_4)
FNDA:3,(anonymous_5)
DA:1,2
DA:2,2
DA:7,2
DA:8,2
DA:30,2
DA:31,3
DA:35,3
DA:36,3
DA:37,3
DA:38,3
DA:39,3
DA:41,3
DA:45,3
DA:46,3
DA:47,1
DA:51,2
DA:52,2
DA:55,2
DA:61,2
DA:62,2
DA:66,2
DA:67,2
DA:69,1
DA:75,2
LF:24
LH:24
BRDA:41,0,0,3
BRDA:41,0,1,0
BRDA:46,1,0,1
BRF:3
BRH:2
end_of_record
TN:
SF:src/application/use-cases/finalize-turnos.use-case.ts
FN:17,(anonymous_4)
FN:22,(anonymous_5)
FNF:2
FNH:2
FNDA:1,(anonymous_4)
FNDA:1,(anonymous_5)
DA:1,2
DA:5,2
DA:14,2
DA:15,1
DA:18,1
DA:19,1
DA:23,1
DA:25,1
DA:26,1
DA:29,1
DA:30,1
DA:33,1
LF:12
LH:12
BRDA:29,0,0,1
BRF:1
BRH:1
end_of_record
TN:
SF:src/domain/entities/turno.entity.ts
FN:14,(anonymous_0)
FN:34,(anonymous_1)
FNF:2
FNH:2
FNDA:21,(anonymous_0)
FNDA:12,(anonymous_1)
DA:4,6
DA:24,21
DA:25,21
DA:26,21
DA:27,21
DA:28,21
DA:29,21
DA:30,21
DA:31,21
DA:35,12
LF:10
LH:10
BRDA:31,0,0,5
BRDA:31,0,1,16
BRDA:31,1,0,21
BRDA:31,1,1,5
BRDA:43,2,0,12
BRDA:43,2,1,7
BRF:6
BRH:6
end_of_record
TN:
SF:src/domain/ports/tokens.ts
FNF:0
FNH:0
DA:5,6
DA:6,6
DA:7,6
DA:8,6
LF:4
LH:4
BRF:0
BRH:0
end_of_record
TN:
SF:src/infrastructure/adapters/rabbitmq-event-publisher.adapter.ts
FN:13,(anonymous_4)
FN:17,(anonymous_5)
FN:22,(anonymous_6)
FNF:3
FNH:3
FNDA:2,(anonymous_4)
FNDA:1,(anonymous_5)
FNDA:1,(anonymous_6)
DA:1,1
DA:2,1
DA:12,1
DA:14,2
DA:18,1
DA:23,1
LF:6
LH:6
BRF:0
BRH:0
end_of_record
TN:
SF:src/infrastructure/adapters/standard-priority-sorting.strategy.ts
FN:20,(anonymous_1)
FN:21,(anonymous_2)
FNF:2
FNH:2
FNDA:1,(anonymous_1)
FNDA:5,(anonymous_2)
DA:1,1
DA:12,1
DA:19,1
DA:21,1
DA:22,5
DA:23,5
DA:24,5
DA:25,1
LF:8
LH:8
BRDA:22,0,0,5
BRDA:22,0,1,0
BRDA:22,1,0,5
BRDA:22,1,1,5
BRDA:23,2,0,5
BRDA:23,2,1,0
BRDA:23,3,0,5
BRDA:23,3,1,5
BRDA:24,4,0,4
BRF:9
BRH:7
end_of_record
TN:
SF:src/infrastructure/adapters/turno-mongoose.adapter.ts
FN:21,(anonymous_4)
FN:26,(anonymous_5)
FN:34,(anonymous_6)
FN:49,(anonymous_7)
FN:54,(anonymous_8)
FN:60,(anonymous_9)
FN:68,(anonymous_10)
FN:69,(anonymous_11)
FN:74,(anonymous_12)
FN:97,(anonymous_13)
FN:117,(anonymous_14)
FN:126,(anonymous_15)
FNF:12
FNH:12
FNDA:10,(anonymous_4)
FNDA:2,(anonymous_5)
FNDA:1,(anonymous_6)
FNDA:1,(anonymous_7)
FNDA:2,(anonymous_8)
FNDA:2,(anonymous_9)
FNDA:5,(anonymous_10)
FNDA:5,(anonymous_11)
FNDA:2,(anonymous_12)
FNDA:2,(anonymous_13)
FNDA:1,(anonymous_14)
FNDA:6,(anonymous_15)
DA:1,1
DA:2,1
DA:3,1
DA:4,1
DA:6,1
DA:8,1
DA:18,1
DA:19,10
DA:22,10
DA:23,10
DA:27,2
DA:31,2
DA:35,1
DA:44,1
DA:45,1
DA:46,1
DA:50,1
DA:54,2
DA:57,1
DA:61,2
DA:67,2
DA:68,5
DA:69,5
DA:75,2
DA:76,2
DA:78,2
DA:88,2
DA:89,1
DA:90,1
DA:93,1
DA:98,2
DA:99,2
DA:104,2
DA:106,1
DA:114,1
DA:117,1
DA:118,1
DA:119,1
DA:127,6
LF:39
LH:39
BRDA:31,0,0,1
BRDA:31,0,1,1
BRDA:40,1,0,1
BRDA:40,1,1,0
BRDA:40,2,0,1
BRDA:40,2,1,1
BRDA:69,3,0,5
BRDA:69,3,1,4
BRDA:88,4,0,1
BRDA:104,5,0,1
BRF:10
BRH:9
end_of_record
TN:
SF:src/notifications/notifications.service.ts
FN:5,(anonymous_1)
FN:13,(anonymous_2)
FNF:2
FNH:2
FNDA:2,(anonymous_1)
FNDA:2,(anonymous_2)
DA:1,1
DA:5,1
DA:6,2
DA:14,2
DA:17,2
LF:5
LH:5
BRDA:14,0,0,1
BRDA:14,0,1,1
BRF:2
BRH:2
end_of_record
TN:
SF:src/presentation/consumer.controller.ts
FN:12,(anonymous_4)
FN:17,(anonymous_5)
FNF:2
FNH:2
FNDA:3,(anonymous_4)
FNDA:3,(anonymous_5)
DA:1,1
DA:2,1
DA:3,1
DA:4,1
DA:7,1
DA:8,3
DA:13,3
DA:17,1
DA:18,3
DA:19,3
DA:21,3
DA:23,3
DA:25,3
DA:28,1
DA:30,2
DA:31,2
DA:34,2
DA:35,1
DA:37,1
LF:19
LH:19
BRDA:30,0,0,2
BRDA:30,0,1,0
BRDA:34,1,0,1
BRDA:34,1,1,1
BRF:4
BRH:3
end_of_record
TN:
SF:src/presentation/dto/create-turno.dto.ts
FNF:0
FNH:0
DA:1,1
DA:4,1
DA:9,1
DA:13,1
DA:20,1
LF:5
LH:5
BRF:0
BRH:0
end_of_record
TN:
SF:src/scheduler/scheduler.service.ts
FN:22,(anonymous_2)
FN:34,(anonymous_3)
FN:41,(anonymous_4)
FN:46,(anonymous_5)
FNF:4
FNH:3
FNDA:5,(anonymous_2)
FNDA:0,(anonymous_3)
FNDA:1,(anonymous_4)
FNDA:2,(anonymous_5)
DA:1,1
DA:2,1
DA:3,1
DA:4,1
DA:5,1
DA:9,1
DA:10,1
DA:17,1
DA:18,5
DA:23,5
DA:24,5
DA:25,5
DA:26,5
DA:28,5
DA:29,5
DA:30,5
DA:34,5
DA:35,0
DA:37,5
DA:42,1
DA:43,1
DA:47,2
DA:48,2
DA:49,1
DA:51,1
DA:52,1
LF:26
LH:25
BRDA:28,0,0,5
BRDA:28,0,1,0
BRDA:29,1,0,5
BRDA:29,1,1,0
BRDA:51,2,0,1
BRDA:51,2,1,0
BRF:6
BRH:3
end_of_record
